{"C:\\Git_Repos\\9boxer\\frontend\\src\\components\\common\\FileUploadDialog.tsx": {"path":"C:\\Git_Repos\\9boxer\\frontend\\src\\components\\common\\FileUploadDialog.tsx","statementMap":{"0":{"start":{"line":26,"column":65},"end":{"line":242,"column":null}},"1":{"start":{"line":30,"column":32},"end":{"line":30,"column":null}},"2":{"start":{"line":31,"column":33},"end":{"line":31,"column":null}},"3":{"start":{"line":32,"column":38},"end":{"line":32,"column":null}},"4":{"start":{"line":33,"column":46},"end":{"line":33,"column":null}},"5":{"start":{"line":34,"column":24},"end":{"line":34,"column":null}},"6":{"start":{"line":35,"column":28},"end":{"line":35,"column":null}},"7":{"start":{"line":38,"column":32},"end":{"line":46,"column":null}},"8":{"start":{"line":39,"column":4},"end":{"line":45,"column":null}},"9":{"start":{"line":41,"column":23},"end":{"line":41,"column":null}},"10":{"start":{"line":42,"column":6},"end":{"line":44,"column":null}},"11":{"start":{"line":43,"column":8},"end":{"line":43,"column":null}},"12":{"start":{"line":48,"column":35},"end":{"line":90,"column":null}},"13":{"start":{"line":49,"column":4},"end":{"line":89,"column":null}},"14":{"start":{"line":51,"column":25},"end":{"line":51,"column":null}},"15":{"start":{"line":52,"column":6},"end":{"line":55,"column":null}},"16":{"start":{"line":53,"column":8},"end":{"line":53,"column":null}},"17":{"start":{"line":54,"column":8},"end":{"line":54,"column":null}},"18":{"start":{"line":58,"column":25},"end":{"line":58,"column":null}},"19":{"start":{"line":59,"column":19},"end":{"line":61,"column":null}},"20":{"start":{"line":62,"column":19},"end":{"line":64,"column":null}},"21":{"start":{"line":67,"column":22},"end":{"line":67,"column":null}},"22":{"start":{"line":68,"column":6},"end":{"line":73,"column":null}},"23":{"start":{"line":69,"column":8},"end":{"line":69,"column":null}},"24":{"start":{"line":70,"column":8},"end":{"line":70,"column":null}},"25":{"start":{"line":71,"column":8},"end":{"line":71,"column":null}},"26":{"start":{"line":72,"column":8},"end":{"line":72,"column":null}},"27":{"start":{"line":76,"column":6},"end":{"line":81,"column":null}},"28":{"start":{"line":77,"column":8},"end":{"line":77,"column":null}},"29":{"start":{"line":78,"column":8},"end":{"line":78,"column":null}},"30":{"start":{"line":79,"column":8},"end":{"line":79,"column":null}},"31":{"start":{"line":80,"column":8},"end":{"line":80,"column":null}},"32":{"start":{"line":83,"column":6},"end":{"line":83,"column":null}},"33":{"start":{"line":84,"column":6},"end":{"line":84,"column":null}},"34":{"start":{"line":85,"column":6},"end":{"line":85,"column":null}},"35":{"start":{"line":87,"column":6},"end":{"line":87,"column":null}},"36":{"start":{"line":88,"column":6},"end":{"line":88,"column":null}},"37":{"start":{"line":92,"column":27},"end":{"line":113,"column":null}},"38":{"start":{"line":93,"column":17},"end":{"line":93,"column":null}},"39":{"start":{"line":94,"column":4},"end":{"line":112,"column":null}},"40":{"start":{"line":96,"column":22},"end":{"line":96,"column":null}},"41":{"start":{"line":97,"column":6},"end":{"line":101,"column":null}},"42":{"start":{"line":98,"column":8},"end":{"line":98,"column":null}},"43":{"start":{"line":99,"column":8},"end":{"line":99,"column":null}},"44":{"start":{"line":100,"column":8},"end":{"line":100,"column":null}},"45":{"start":{"line":104,"column":6},"end":{"line":108,"column":null}},"46":{"start":{"line":105,"column":8},"end":{"line":105,"column":null}},"47":{"start":{"line":106,"column":8},"end":{"line":106,"column":null}},"48":{"start":{"line":107,"column":8},"end":{"line":107,"column":null}},"49":{"start":{"line":109,"column":6},"end":{"line":109,"column":null}},"50":{"start":{"line":110,"column":6},"end":{"line":110,"column":null}},"51":{"start":{"line":111,"column":6},"end":{"line":111,"column":null}},"52":{"start":{"line":115,"column":23},"end":{"line":140,"column":null}},"53":{"start":{"line":116,"column":4},"end":{"line":119,"column":null}},"54":{"start":{"line":117,"column":6},"end":{"line":117,"column":null}},"55":{"start":{"line":118,"column":6},"end":{"line":118,"column":null}},"56":{"start":{"line":121,"column":4},"end":{"line":121,"column":null}},"57":{"start":{"line":122,"column":4},"end":{"line":122,"column":null}},"58":{"start":{"line":124,"column":4},"end":{"line":139,"column":null}},"59":{"start":{"line":126,"column":6},"end":{"line":126,"column":null}},"60":{"start":{"line":127,"column":6},"end":{"line":127,"column":null}},"61":{"start":{"line":128,"column":6},"end":{"line":128,"column":null}},"62":{"start":{"line":129,"column":6},"end":{"line":134,"column":null}},"63":{"start":{"line":130,"column":8},"end":{"line":130,"column":null}},"64":{"start":{"line":131,"column":8},"end":{"line":131,"column":null}},"65":{"start":{"line":132,"column":8},"end":{"line":132,"column":null}},"66":{"start":{"line":133,"column":8},"end":{"line":133,"column":null}},"67":{"start":{"line":136,"column":27},"end":{"line":136,"column":null}},"68":{"start":{"line":137,"column":6},"end":{"line":137,"column":null}},"69":{"start":{"line":138,"column":6},"end":{"line":138,"column":null}},"70":{"start":{"line":142,"column":22},"end":{"line":150,"column":null}},"71":{"start":{"line":143,"column":4},"end":{"line":149,"column":null}},"72":{"start":{"line":144,"column":6},"end":{"line":144,"column":null}},"73":{"start":{"line":145,"column":6},"end":{"line":145,"column":null}},"74":{"start":{"line":146,"column":6},"end":{"line":146,"column":null}},"75":{"start":{"line":147,"column":6},"end":{"line":147,"column":null}},"76":{"start":{"line":148,"column":6},"end":{"line":148,"column":null}},"77":{"start":{"line":152,"column":2},"end":{"line":240,"column":null}}},"fnMap":{"0":{"name":"(anonymous_0)","decl":{"start":{"line":26,"column":65},"end":{"line":26,"column":66}},"loc":{"start":{"line":29,"column":6},"end":{"line":242,"column":null}},"line":29},"1":{"name":"(anonymous_1)","decl":{"start":{"line":38,"column":32},"end":{"line":38,"column":44}},"loc":{"start":{"line":38,"column":44},"end":{"line":46,"column":null}},"line":38},"2":{"name":"(anonymous_2)","decl":{"start":{"line":48,"column":35},"end":{"line":48,"column":42}},"loc":{"start":{"line":48,"column":63},"end":{"line":90,"column":null}},"line":48},"3":{"name":"(anonymous_3)","decl":{"start":{"line":92,"column":27},"end":{"line":92,"column":28}},"loc":{"start":{"line":92,"column":75},"end":{"line":113,"column":null}},"line":92},"4":{"name":"(anonymous_4)","decl":{"start":{"line":115,"column":23},"end":{"line":115,"column":35}},"loc":{"start":{"line":115,"column":35},"end":{"line":140,"column":null}},"line":115},"5":{"name":"(anonymous_5)","decl":{"start":{"line":129,"column":17},"end":{"line":129,"column":23}},"loc":{"start":{"line":129,"column":23},"end":{"line":134,"column":9}},"line":129},"6":{"name":"(anonymous_6)","decl":{"start":{"line":142,"column":22},"end":{"line":142,"column":28}},"loc":{"start":{"line":142,"column":28},"end":{"line":150,"column":null}},"line":142}},"branchMap":{"0":{"loc":{"start":{"line":39,"column":4},"end":{"line":45,"column":null}},"type":"if","locations":[{"start":{"line":39,"column":4},"end":{"line":45,"column":null}},{"start":{},"end":{}}],"line":39},"1":{"loc":{"start":{"line":42,"column":6},"end":{"line":44,"column":null}},"type":"if","locations":[{"start":{"line":42,"column":6},"end":{"line":44,"column":null}},{"start":{},"end":{}}],"line":42},"2":{"loc":{"start":{"line":52,"column":6},"end":{"line":55,"column":null}},"type":"if","locations":[{"start":{"line":52,"column":6},"end":{"line":55,"column":null}},{"start":{},"end":{}}],"line":52},"3":{"loc":{"start":{"line":52,"column":10},"end":{"line":52,"column":77}},"type":"binary-expr","locations":[{"start":{"line":52,"column":10},"end":{"line":52,"column":33}},{"start":{"line":52,"column":33},"end":{"line":52,"column":55}},{"start":{"line":52,"column":55},"end":{"line":52,"column":77}}],"line":52},"4":{"loc":{"start":{"line":53,"column":17},"end":{"line":53,"column":58}},"type":"binary-expr","locations":[{"start":{"line":53,"column":17},"end":{"line":53,"column":37}},{"start":{"line":53,"column":37},"end":{"line":53,"column":58}}],"line":53},"5":{"loc":{"start":{"line":68,"column":6},"end":{"line":73,"column":null}},"type":"if","locations":[{"start":{"line":68,"column":6},"end":{"line":73,"column":null}},{"start":{},"end":{}}],"line":68},"6":{"loc":{"start":{"line":76,"column":6},"end":{"line":81,"column":null}},"type":"if","locations":[{"start":{"line":76,"column":6},"end":{"line":81,"column":null}},{"start":{},"end":{}}],"line":76},"7":{"loc":{"start":{"line":76,"column":10},"end":{"line":76,"column":71}},"type":"binary-expr","locations":[{"start":{"line":76,"column":10},"end":{"line":76,"column":42}},{"start":{"line":76,"column":42},"end":{"line":76,"column":71}}],"line":76},"8":{"loc":{"start":{"line":94,"column":4},"end":{"line":112,"column":null}},"type":"if","locations":[{"start":{"line":94,"column":4},"end":{"line":112,"column":null}},{"start":{},"end":{}}],"line":94},"9":{"loc":{"start":{"line":97,"column":6},"end":{"line":101,"column":null}},"type":"if","locations":[{"start":{"line":97,"column":6},"end":{"line":101,"column":null}},{"start":{},"end":{}}],"line":97},"10":{"loc":{"start":{"line":104,"column":6},"end":{"line":108,"column":null}},"type":"if","locations":[{"start":{"line":104,"column":6},"end":{"line":108,"column":null}},{"start":{},"end":{}}],"line":104},"11":{"loc":{"start":{"line":104,"column":10},"end":{"line":104,"column":71}},"type":"binary-expr","locations":[{"start":{"line":104,"column":10},"end":{"line":104,"column":42}},{"start":{"line":104,"column":42},"end":{"line":104,"column":71}}],"line":104},"12":{"loc":{"start":{"line":116,"column":4},"end":{"line":119,"column":null}},"type":"if","locations":[{"start":{"line":116,"column":4},"end":{"line":119,"column":null}},{"start":{},"end":{}}],"line":116},"13":{"loc":{"start":{"line":126,"column":37},"end":{"line":126,"column":66}},"type":"binary-expr","locations":[{"start":{"line":126,"column":37},"end":{"line":126,"column":57}},{"start":{"line":126,"column":57},"end":{"line":126,"column":66}}],"line":126},"14":{"loc":{"start":{"line":136,"column":27},"end":{"line":136,"column":null}},"type":"binary-expr","locations":[{"start":{"line":136,"column":27},"end":{"line":136,"column":57}},{"start":{"line":136,"column":57},"end":{"line":136,"column":null}}],"line":136},"15":{"loc":{"start":{"line":143,"column":4},"end":{"line":149,"column":null}},"type":"if","locations":[{"start":{"line":143,"column":4},"end":{"line":149,"column":null}},{"start":{},"end":{}}],"line":143},"16":{"loc":{"start":{"line":161,"column":11},"end":{"line":164,"column":null}},"type":"binary-expr","locations":[{"start":{"line":161,"column":11},"end":{"line":161,"column":null}},{"start":{"line":162,"column":12},"end":{"line":164,"column":null}}],"line":161},"17":{"loc":{"start":{"line":167,"column":11},"end":{"line":170,"column":null}},"type":"binary-expr","locations":[{"start":{"line":167,"column":11},"end":{"line":167,"column":null}},{"start":{"line":168,"column":12},"end":{"line":170,"column":null}}],"line":167},"18":{"loc":{"start":{"line":184,"column":13},"end":{"line":215,"column":null}},"type":"cond-expr","locations":[{"start":{"line":186,"column":14},"end":{"line":193,"column":null}},{"start":{"line":196,"column":14},"end":{"line":215,"column":null}}],"line":184},"19":{"loc":{"start":{"line":218,"column":13},"end":{"line":221,"column":null}},"type":"binary-expr","locations":[{"start":{"line":218,"column":13},"end":{"line":218,"column":null}},{"start":{"line":219,"column":14},"end":{"line":221,"column":null}}],"line":218},"20":{"loc":{"start":{"line":233,"column":20},"end":{"line":233,"column":null}},"type":"binary-expr","locations":[{"start":{"line":233,"column":20},"end":{"line":233,"column":37}},{"start":{"line":233,"column":37},"end":{"line":233,"column":null}}],"line":233},"21":{"loc":{"start":{"line":234,"column":21},"end":{"line":234,"column":null}},"type":"cond-expr","locations":[{"start":{"line":234,"column":33},"end":{"line":234,"column":66}},{"start":{"line":234,"column":66},"end":{"line":234,"column":null}}],"line":234},"22":{"loc":{"start":{"line":237,"column":11},"end":{"line":237,"column":null}},"type":"cond-expr","locations":[{"start":{"line":237,"column":23},"end":{"line":237,"column":40}},{"start":{"line":237,"column":40},"end":{"line":237,"column":null}}],"line":237}},"s":{"0":1,"1":10,"2":10,"3":10,"4":10,"5":10,"6":10,"7":10,"8":0,"9":0,"10":0,"11":0,"12":10,"13":0,"14":0,"15":0,"16":0,"17":0,"18":0,"19":0,"20":0,"21":0,"22":0,"23":0,"24":0,"25":0,"26":0,"27":0,"28":0,"29":0,"30":0,"31":0,"32":0,"33":0,"34":0,"35":0,"36":0,"37":10,"38":3,"39":3,"40":3,"41":3,"42":1,"43":1,"44":1,"45":2,"46":1,"47":1,"48":1,"49":1,"50":1,"51":1,"52":10,"53":0,"54":0,"55":0,"56":0,"57":0,"58":0,"59":0,"60":0,"61":0,"62":0,"63":0,"64":0,"65":0,"66":0,"67":0,"68":0,"69":0,"70":10,"71":1,"72":1,"73":1,"74":1,"75":1,"76":1,"77":10},"f":{"0":10,"1":0,"2":0,"3":3,"4":0,"5":0,"6":1},"b":{"0":[0,0],"1":[0,0],"2":[0,0],"3":[0,0,0],"4":[0,0],"5":[0,0],"6":[0,0],"7":[0,0],"8":[3,0],"9":[1,2],"10":[1,1],"11":[2,1],"12":[0,0],"13":[0,0],"14":[0,0],"15":[1,0],"16":[10,2],"17":[10,0],"18":[0,10],"19":[10,1],"20":[10,1],"21":[0,10],"22":[0,10]},"meta":{"lastBranch":23,"lastFunction":7,"lastStatement":78,"seen":{"s:26:65:242:Infinity":0,"f:26:65:26:66":0,"s:30:32:30:Infinity":1,"s:31:33:31:Infinity":2,"s:32:38:32:Infinity":3,"s:33:46:33:Infinity":4,"s:34:24:34:Infinity":5,"s:35:28:35:Infinity":6,"s:38:32:46:Infinity":7,"f:38:32:38:44":1,"b:39:4:45:Infinity:undefined:undefined:undefined:undefined":0,"s:39:4:45:Infinity":8,"s:41:23:41:Infinity":9,"b:42:6:44:Infinity:undefined:undefined:undefined:undefined":1,"s:42:6:44:Infinity":10,"s:43:8:43:Infinity":11,"s:48:35:90:Infinity":12,"f:48:35:48:42":2,"s:49:4:89:Infinity":13,"s:51:25:51:Infinity":14,"b:52:6:55:Infinity:undefined:undefined:undefined:undefined":2,"s:52:6:55:Infinity":15,"b:52:10:52:33:52:33:52:55:52:55:52:77":3,"s:53:8:53:Infinity":16,"b:53:17:53:37:53:37:53:58":4,"s:54:8:54:Infinity":17,"s:58:25:58:Infinity":18,"s:59:19:61:Infinity":19,"s:62:19:64:Infinity":20,"s:67:22:67:Infinity":21,"b:68:6:73:Infinity:undefined:undefined:undefined:undefined":5,"s:68:6:73:Infinity":22,"s:69:8:69:Infinity":23,"s:70:8:70:Infinity":24,"s:71:8:71:Infinity":25,"s:72:8:72:Infinity":26,"b:76:6:81:Infinity:undefined:undefined:undefined:undefined":6,"s:76:6:81:Infinity":27,"b:76:10:76:42:76:42:76:71":7,"s:77:8:77:Infinity":28,"s:78:8:78:Infinity":29,"s:79:8:79:Infinity":30,"s:80:8:80:Infinity":31,"s:83:6:83:Infinity":32,"s:84:6:84:Infinity":33,"s:85:6:85:Infinity":34,"s:87:6:87:Infinity":35,"s:88:6:88:Infinity":36,"s:92:27:113:Infinity":37,"f:92:27:92:28":3,"s:93:17:93:Infinity":38,"b:94:4:112:Infinity:undefined:undefined:undefined:undefined":8,"s:94:4:112:Infinity":39,"s:96:22:96:Infinity":40,"b:97:6:101:Infinity:undefined:undefined:undefined:undefined":9,"s:97:6:101:Infinity":41,"s:98:8:98:Infinity":42,"s:99:8:99:Infinity":43,"s:100:8:100:Infinity":44,"b:104:6:108:Infinity:undefined:undefined:undefined:undefined":10,"s:104:6:108:Infinity":45,"b:104:10:104:42:104:42:104:71":11,"s:105:8:105:Infinity":46,"s:106:8:106:Infinity":47,"s:107:8:107:Infinity":48,"s:109:6:109:Infinity":49,"s:110:6:110:Infinity":50,"s:111:6:111:Infinity":51,"s:115:23:140:Infinity":52,"f:115:23:115:35":4,"b:116:4:119:Infinity:undefined:undefined:undefined:undefined":12,"s:116:4:119:Infinity":53,"s:117:6:117:Infinity":54,"s:118:6:118:Infinity":55,"s:121:4:121:Infinity":56,"s:122:4:122:Infinity":57,"s:124:4:139:Infinity":58,"s:126:6:126:Infinity":59,"b:126:37:126:57:126:57:126:66":13,"s:127:6:127:Infinity":60,"s:128:6:128:Infinity":61,"s:129:6:134:Infinity":62,"f:129:17:129:23":5,"s:130:8:130:Infinity":63,"s:131:8:131:Infinity":64,"s:132:8:132:Infinity":65,"s:133:8:133:Infinity":66,"s:136:27:136:Infinity":67,"b:136:27:136:57:136:57:136:Infinity":14,"s:137:6:137:Infinity":68,"s:138:6:138:Infinity":69,"s:142:22:150:Infinity":70,"f:142:22:142:28":6,"b:143:4:149:Infinity:undefined:undefined:undefined:undefined":15,"s:143:4:149:Infinity":71,"s:144:6:144:Infinity":72,"s:145:6:145:Infinity":73,"s:146:6:146:Infinity":74,"s:147:6:147:Infinity":75,"s:148:6:148:Infinity":76,"s:152:2:240:Infinity":77,"b:161:11:161:Infinity:162:12:164:Infinity":16,"b:167:11:167:Infinity:168:12:170:Infinity":17,"b:186:14:193:Infinity:196:14:215:Infinity":18,"b:218:13:218:Infinity:219:14:221:Infinity":19,"b:233:20:233:37:233:37:233:Infinity":20,"b:234:33:234:66:234:66:234:Infinity":21,"b:237:23:237:40:237:40:237:Infinity":22}}}
,"C:\\Git_Repos\\9boxer\\frontend\\src\\components\\grid\\EmployeeTile.tsx": {"path":"C:\\Git_Repos\\9boxer\\frontend\\src\\components\\grid\\EmployeeTile.tsx","statementMap":{"0":{"start":{"line":16,"column":57},"end":{"line":95,"column":null}},"1":{"start":{"line":20,"column":77},"end":{"line":24,"column":null}},"2":{"start":{"line":26,"column":26},"end":{"line":29,"column":null}},"3":{"start":{"line":27,"column":4},"end":{"line":27,"column":null}},"4":{"start":{"line":28,"column":4},"end":{"line":28,"column":null}},"5":{"start":{"line":31,"column":2},"end":{"line":93,"column":null}},"6":{"start":{"line":67,"column":24},"end":{"line":67,"column":null}}},"fnMap":{"0":{"name":"(anonymous_0)","decl":{"start":{"line":16,"column":57},"end":{"line":16,"column":58}},"loc":{"start":{"line":19,"column":6},"end":{"line":95,"column":null}},"line":19},"1":{"name":"(anonymous_1)","decl":{"start":{"line":26,"column":26},"end":{"line":26,"column":32}},"loc":{"start":{"line":26,"column":32},"end":{"line":29,"column":null}},"line":26},"2":{"name":"(anonymous_2)","decl":{"start":{"line":67,"column":17},"end":{"line":67,"column":18}},"loc":{"start":{"line":67,"column":24},"end":{"line":67,"column":null}},"line":67}},"branchMap":{"0":{"loc":{"start":{"line":37,"column":20},"end":{"line":37,"column":null}},"type":"cond-expr","locations":[{"start":{"line":37,"column":51},"end":{"line":37,"column":55}},{"start":{"line":37,"column":55},"end":{"line":37,"column":null}}],"line":37},"1":{"loc":{"start":{"line":41,"column":17},"end":{"line":41,"column":null}},"type":"cond-expr","locations":[{"start":{"line":41,"column":30},"end":{"line":41,"column":36}},{"start":{"line":41,"column":36},"end":{"line":41,"column":null}}],"line":41},"2":{"loc":{"start":{"line":82,"column":11},"end":{"line":89,"column":null}},"type":"binary-expr","locations":[{"start":{"line":82,"column":11},"end":{"line":82,"column":null}},{"start":{"line":83,"column":12},"end":{"line":89,"column":null}}],"line":82}},"s":{"0":3,"1":29,"2":29,"3":1,"4":1,"5":29,"6":0},"f":{"0":29,"1":1,"2":0},"b":{"0":[5,24],"1":[0,29],"2":[29,5]},"meta":{"lastBranch":3,"lastFunction":3,"lastStatement":7,"seen":{"s:16:57:95:Infinity":0,"f:16:57:16:58":0,"s:20:77:24:Infinity":1,"s:26:26:29:Infinity":2,"f:26:26:26:32":1,"s:27:4:27:Infinity":3,"s:28:4:28:Infinity":4,"s:31:2:93:Infinity":5,"b:37:51:37:55:37:55:37:Infinity":0,"b:41:30:41:36:41:36:41:Infinity":1,"f:67:17:67:18":2,"s:67:24:67:Infinity":6,"b:82:11:82:Infinity:83:12:89:Infinity":2}}}
,"C:\\Git_Repos\\9boxer\\frontend\\src\\components\\grid\\GridBox.tsx": {"path":"C:\\Git_Repos\\9boxer\\frontend\\src\\components\\grid\\GridBox.tsx","statementMap":{"0":{"start":{"line":14,"column":20},"end":{"line":21,"column":null}},"1":{"start":{"line":23,"column":16},"end":{"line":28,"column":null}},"2":{"start":{"line":41,"column":47},"end":{"line":201,"column":null}},"3":{"start":{"line":52,"column":2},"end":{"line":56,"column":null}},"4":{"start":{"line":53,"column":4},"end":{"line":55,"column":null}},"5":{"start":{"line":58,"column":29},"end":{"line":61,"column":null}},"6":{"start":{"line":64,"column":29},"end":{"line":79,"column":null}},"7":{"start":{"line":66,"column":4},"end":{"line":68,"column":null}},"8":{"start":{"line":67,"column":6},"end":{"line":67,"column":null}},"9":{"start":{"line":70,"column":4},"end":{"line":72,"column":null}},"10":{"start":{"line":71,"column":6},"end":{"line":71,"column":null}},"11":{"start":{"line":74,"column":4},"end":{"line":76,"column":null}},"12":{"start":{"line":75,"column":6},"end":{"line":75,"column":null}},"13":{"start":{"line":78,"column":4},"end":{"line":78,"column":null}},"14":{"start":{"line":82,"column":24},"end":{"line":129,"column":null}},"15":{"start":{"line":83,"column":20},"end":{"line":83,"column":null}},"16":{"start":{"line":85,"column":23},"end":{"line":95,"column":null}},"17":{"start":{"line":98,"column":4},"end":{"line":111,"column":null}},"18":{"start":{"line":100,"column":6},"end":{"line":110,"column":null}},"19":{"start":{"line":113,"column":4},"end":{"line":121,"column":null}},"20":{"start":{"line":115,"column":6},"end":{"line":120,"column":null}},"21":{"start":{"line":124,"column":4},"end":{"line":128,"column":null}},"22":{"start":{"line":131,"column":2},"end":{"line":199,"column":null}},"23":{"start":{"line":193,"column":10},"end":{"line":197,"column":null}}},"fnMap":{"0":{"name":"(anonymous_0)","decl":{"start":{"line":41,"column":47},"end":{"line":41,"column":48}},"loc":{"start":{"line":50,"column":6},"end":{"line":201,"column":null}},"line":50},"1":{"name":"(anonymous_1)","decl":{"start":{"line":64,"column":29},"end":{"line":64,"column":30}},"loc":{"start":{"line":64,"column":54},"end":{"line":79,"column":null}},"line":64},"2":{"name":"(anonymous_2)","decl":{"start":{"line":82,"column":24},"end":{"line":82,"column":30}},"loc":{"start":{"line":82,"column":30},"end":{"line":129,"column":null}},"line":82},"3":{"name":"(anonymous_3)","decl":{"start":{"line":192,"column":22},"end":{"line":192,"column":23}},"loc":{"start":{"line":193,"column":10},"end":{"line":197,"column":null}},"line":193}},"branchMap":{"0":{"loc":{"start":{"line":46,"column":2},"end":{"line":46,"column":null}},"type":"default-arg","locations":[{"start":{"line":46,"column":15},"end":{"line":46,"column":null}}],"line":46},"1":{"loc":{"start":{"line":47,"column":2},"end":{"line":47,"column":null}},"type":"default-arg","locations":[{"start":{"line":47,"column":16},"end":{"line":47,"column":null}}],"line":47},"2":{"loc":{"start":{"line":52,"column":2},"end":{"line":56,"column":null}},"type":"if","locations":[{"start":{"line":52,"column":2},"end":{"line":56,"column":null}},{"start":{},"end":{}}],"line":52},"3":{"loc":{"start":{"line":52,"column":6},"end":{"line":52,"column":33}},"type":"binary-expr","locations":[{"start":{"line":52,"column":6},"end":{"line":52,"column":20}},{"start":{"line":52,"column":20},"end":{"line":52,"column":33}}],"line":52},"4":{"loc":{"start":{"line":66,"column":4},"end":{"line":68,"column":null}},"type":"if","locations":[{"start":{"line":66,"column":4},"end":{"line":68,"column":null}},{"start":{},"end":{}}],"line":66},"5":{"loc":{"start":{"line":70,"column":4},"end":{"line":72,"column":null}},"type":"if","locations":[{"start":{"line":70,"column":4},"end":{"line":72,"column":null}},{"start":{},"end":{}}],"line":70},"6":{"loc":{"start":{"line":74,"column":4},"end":{"line":76,"column":null}},"type":"if","locations":[{"start":{"line":74,"column":4},"end":{"line":76,"column":null}},{"start":{},"end":{}}],"line":74},"7":{"loc":{"start":{"line":87,"column":19},"end":{"line":87,"column":null}},"type":"cond-expr","locations":[{"start":{"line":87,"column":28},"end":{"line":87,"column":45}},{"start":{"line":87,"column":45},"end":{"line":87,"column":null}}],"line":87},"8":{"loc":{"start":{"line":90,"column":23},"end":{"line":90,"column":null}},"type":"cond-expr","locations":[{"start":{"line":90,"column":32},"end":{"line":90,"column":50}},{"start":{"line":90,"column":50},"end":{"line":90,"column":null}}],"line":90},"9":{"loc":{"start":{"line":98,"column":4},"end":{"line":111,"column":null}},"type":"if","locations":[{"start":{"line":98,"column":4},"end":{"line":111,"column":null}},{"start":{},"end":{}}],"line":98},"10":{"loc":{"start":{"line":98,"column":8},"end":{"line":98,"column":36}},"type":"binary-expr","locations":[{"start":{"line":98,"column":8},"end":{"line":98,"column":23}},{"start":{"line":98,"column":23},"end":{"line":98,"column":36}}],"line":98},"11":{"loc":{"start":{"line":104,"column":17},"end":{"line":104,"column":null}},"type":"cond-expr","locations":[{"start":{"line":104,"column":26},"end":{"line":104,"column":56}},{"start":{"line":104,"column":56},"end":{"line":104,"column":null}}],"line":104},"12":{"loc":{"start":{"line":105,"column":25},"end":{"line":105,"column":null}},"type":"cond-expr","locations":[{"start":{"line":105,"column":34},"end":{"line":105,"column":52}},{"start":{"line":105,"column":34},"end":{"line":105,"column":null}}],"line":105},"13":{"loc":{"start":{"line":106,"column":21},"end":{"line":106,"column":null}},"type":"cond-expr","locations":[{"start":{"line":106,"column":30},"end":{"line":106,"column":41}},{"start":{"line":106,"column":41},"end":{"line":106,"column":null}}],"line":106},"14":{"loc":{"start":{"line":113,"column":4},"end":{"line":121,"column":null}},"type":"if","locations":[{"start":{"line":113,"column":4},"end":{"line":121,"column":null}},{"start":{},"end":{}}],"line":113},"15":{"loc":{"start":{"line":139,"column":14},"end":{"line":139,"column":null}},"type":"cond-expr","locations":[{"start":{"line":139,"column":28},"end":{"line":139,"column":32}},{"start":{"line":139,"column":32},"end":{"line":139,"column":null}}],"line":139},"16":{"loc":{"start":{"line":147,"column":24},"end":{"line":147,"column":null}},"type":"cond-expr","locations":[{"start":{"line":147,"column":37},"end":{"line":147,"column":49}},{"start":{"line":147,"column":49},"end":{"line":147,"column":null}}],"line":147},"17":{"loc":{"start":{"line":153,"column":11},"end":{"line":159,"column":null}},"type":"binary-expr","locations":[{"start":{"line":153,"column":11},"end":{"line":153,"column":null}},{"start":{"line":154,"column":12},"end":{"line":159,"column":null}}],"line":153},"18":{"loc":{"start":{"line":164,"column":9},"end":{"line":186,"column":null}},"type":"cond-expr","locations":[{"start":{"line":165,"column":10},"end":{"line":172,"column":null}},{"start":{"line":174,"column":10},"end":{"line":186,"column":null}}],"line":164},"19":{"loc":{"start":{"line":180,"column":23},"end":{"line":180,"column":null}},"type":"cond-expr","locations":[{"start":{"line":180,"column":37},"end":{"line":180,"column":68}},{"start":{"line":180,"column":68},"end":{"line":180,"column":null}}],"line":180},"20":{"loc":{"start":{"line":191,"column":7},"end":{"line":198,"column":null}},"type":"binary-expr","locations":[{"start":{"line":191,"column":7},"end":{"line":191,"column":null}},{"start":{"line":192,"column":8},"end":{"line":198,"column":null}}],"line":191}},"s":{"0":2,"1":2,"2":2,"3":43,"4":0,"5":43,"6":43,"7":43,"8":19,"9":24,"10":8,"11":16,"12":8,"13":8,"14":43,"15":43,"16":43,"17":43,"18":1,"19":42,"20":1,"21":41,"22":43,"23":25},"f":{"0":43,"1":43,"2":43,"3":25},"b":{"0":[43],"1":[43],"2":[0,43],"3":[43,1],"4":[19,24],"5":[8,16],"6":[8,8],"7":[0,43],"8":[0,43],"9":[1,42],"10":[43,1],"11":[0,1],"12":[0,1],"13":[0,1],"14":[1,41],"15":[1,42],"16":[1,42],"17":[43,42],"18":[1,42],"19":[1,41],"20":[43,42]},"meta":{"lastBranch":21,"lastFunction":4,"lastStatement":24,"seen":{"s:14:20:21:Infinity":0,"s:23:16:28:Infinity":1,"s:41:47:201:Infinity":2,"f:41:47:41:48":0,"b:46:15:46:Infinity":0,"b:47:16:47:Infinity":1,"b:52:2:56:Infinity:undefined:undefined:undefined:undefined":2,"s:52:2:56:Infinity":3,"b:52:6:52:20:52:20:52:33":3,"s:53:4:55:Infinity":4,"s:58:29:61:Infinity":5,"s:64:29:79:Infinity":6,"f:64:29:64:30":1,"b:66:4:68:Infinity:undefined:undefined:undefined:undefined":4,"s:66:4:68:Infinity":7,"s:67:6:67:Infinity":8,"b:70:4:72:Infinity:undefined:undefined:undefined:undefined":5,"s:70:4:72:Infinity":9,"s:71:6:71:Infinity":10,"b:74:4:76:Infinity:undefined:undefined:undefined:undefined":6,"s:74:4:76:Infinity":11,"s:75:6:75:Infinity":12,"s:78:4:78:Infinity":13,"s:82:24:129:Infinity":14,"f:82:24:82:30":2,"s:83:20:83:Infinity":15,"s:85:23:95:Infinity":16,"b:87:28:87:45:87:45:87:Infinity":7,"b:90:32:90:50:90:50:90:Infinity":8,"b:98:4:111:Infinity:undefined:undefined:undefined:undefined":9,"s:98:4:111:Infinity":17,"b:98:8:98:23:98:23:98:36":10,"s:100:6:110:Infinity":18,"b:104:26:104:56:104:56:104:Infinity":11,"b:105:34:105:52:105:34:105:Infinity":12,"b:106:30:106:41:106:41:106:Infinity":13,"b:113:4:121:Infinity:undefined:undefined:undefined:undefined":14,"s:113:4:121:Infinity":19,"s:115:6:120:Infinity":20,"s:124:4:128:Infinity":21,"s:131:2:199:Infinity":22,"b:139:28:139:32:139:32:139:Infinity":15,"b:147:37:147:49:147:49:147:Infinity":16,"b:153:11:153:Infinity:154:12:159:Infinity":17,"b:165:10:172:Infinity:174:10:186:Infinity":18,"b:180:37:180:68:180:68:180:Infinity":19,"b:191:7:191:Infinity:192:8:198:Infinity":20,"f:192:22:192:23":3,"s:193:10:197:Infinity":23}}}
,"C:\\Git_Repos\\9boxer\\frontend\\src\\components\\grid\\NineBoxGrid.tsx": {"path":"C:\\Git_Repos\\9boxer\\frontend\\src\\components\\grid\\NineBoxGrid.tsx","statementMap":{"0":{"start":{"line":12,"column":38},"end":{"line":12,"column":null}},"1":{"start":{"line":14,"column":37},"end":{"line":263,"column":null}},"2":{"start":{"line":21,"column":2},"end":{"line":21,"column":null}},"3":{"start":{"line":23,"column":42},"end":{"line":23,"column":null}},"4":{"start":{"line":24,"column":46},"end":{"line":35,"column":null}},"5":{"start":{"line":26,"column":19},"end":{"line":26,"column":null}},"6":{"start":{"line":27,"column":4},"end":{"line":33,"column":null}},"7":{"start":{"line":28,"column":21},"end":{"line":28,"column":null}},"8":{"start":{"line":30,"column":6},"end":{"line":32,"column":null}},"9":{"start":{"line":31,"column":8},"end":{"line":31,"column":null}},"10":{"start":{"line":34,"column":4},"end":{"line":34,"column":null}},"11":{"start":{"line":37,"column":26},"end":{"line":42,"column":null}},"12":{"start":{"line":38,"column":21},"end":{"line":38,"column":null}},"13":{"start":{"line":39,"column":4},"end":{"line":41,"column":null}},"14":{"start":{"line":40,"column":6},"end":{"line":40,"column":null}},"15":{"start":{"line":44,"column":24},"end":{"line":68,"column":null}},"16":{"start":{"line":45,"column":29},"end":{"line":45,"column":null}},"17":{"start":{"line":47,"column":4},"end":{"line":47,"column":null}},"18":{"start":{"line":49,"column":4},"end":{"line":49,"column":null}},"19":{"start":{"line":49,"column":15},"end":{"line":49,"column":null}},"20":{"start":{"line":52,"column":21},"end":{"line":52,"column":null}},"21":{"start":{"line":53,"column":27},"end":{"line":53,"column":null}},"22":{"start":{"line":55,"column":4},"end":{"line":55,"column":null}},"23":{"start":{"line":55,"column":38},"end":{"line":55,"column":null}},"24":{"start":{"line":58,"column":4},"end":{"line":58,"column":null}},"25":{"start":{"line":58,"column":51},"end":{"line":58,"column":null}},"26":{"start":{"line":61,"column":39},"end":{"line":61,"column":null}},"27":{"start":{"line":63,"column":4},"end":{"line":67,"column":null}},"28":{"start":{"line":64,"column":6},"end":{"line":64,"column":null}},"29":{"start":{"line":66,"column":6},"end":{"line":66,"column":null}},"30":{"start":{"line":70,"column":27},"end":{"line":72,"column":null}},"31":{"start":{"line":71,"column":4},"end":{"line":71,"column":null}},"32":{"start":{"line":74,"column":26},"end":{"line":79,"column":null}},"33":{"start":{"line":76,"column":4},"end":{"line":76,"column":null}},"34":{"start":{"line":76,"column":38},"end":{"line":76,"column":null}},"35":{"start":{"line":77,"column":4},"end":{"line":77,"column":null}},"36":{"start":{"line":78,"column":4},"end":{"line":78,"column":null}},"37":{"start":{"line":81,"column":28},"end":{"line":84,"column":null}},"38":{"start":{"line":82,"column":4},"end":{"line":82,"column":null}},"39":{"start":{"line":83,"column":4},"end":{"line":83,"column":null}},"40":{"start":{"line":87,"column":2},"end":{"line":98,"column":null}},"41":{"start":{"line":88,"column":26},"end":{"line":94,"column":null}},"42":{"start":{"line":89,"column":6},"end":{"line":93,"column":null}},"43":{"start":{"line":91,"column":8},"end":{"line":91,"column":null}},"44":{"start":{"line":92,"column":8},"end":{"line":92,"column":null}},"45":{"start":{"line":96,"column":4},"end":{"line":96,"column":null}},"46":{"start":{"line":97,"column":4},"end":{"line":97,"column":null}},"47":{"start":{"line":97,"column":17},"end":{"line":97,"column":null}},"48":{"start":{"line":106,"column":24},"end":{"line":110,"column":null}},"49":{"start":{"line":117,"column":26},"end":{"line":158,"column":null}},"50":{"start":{"line":120,"column":4},"end":{"line":126,"column":null}},"51":{"start":{"line":122,"column":6},"end":{"line":125,"column":null}},"52":{"start":{"line":130,"column":14},"end":{"line":130,"column":null}},"53":{"start":{"line":131,"column":14},"end":{"line":131,"column":null}},"54":{"start":{"line":133,"column":4},"end":{"line":142,"column":null}},"55":{"start":{"line":134,"column":6},"end":{"line":134,"column":null}},"56":{"start":{"line":135,"column":6},"end":{"line":135,"column":null}},"57":{"start":{"line":136,"column":4},"end":{"line":142,"column":null}},"58":{"start":{"line":137,"column":6},"end":{"line":137,"column":null}},"59":{"start":{"line":138,"column":6},"end":{"line":138,"column":null}},"60":{"start":{"line":139,"column":4},"end":{"line":142,"column":null}},"61":{"start":{"line":140,"column":6},"end":{"line":140,"column":null}},"62":{"start":{"line":141,"column":6},"end":{"line":141,"column":null}},"63":{"start":{"line":145,"column":22},"end":{"line":145,"column":null}},"64":{"start":{"line":146,"column":22},"end":{"line":146,"column":null}},"65":{"start":{"line":148,"column":17},"end":{"line":148,"column":null}},"66":{"start":{"line":149,"column":4},"end":{"line":149,"column":null}},"67":{"start":{"line":151,"column":17},"end":{"line":151,"column":null}},"68":{"start":{"line":152,"column":4},"end":{"line":152,"column":null}},"69":{"start":{"line":154,"column":4},"end":{"line":157,"column":null}},"70":{"start":{"line":160,"column":23},"end":{"line":160,"column":null}},"71":{"start":{"line":162,"column":2},"end":{"line":261,"column":null}},"72":{"start":{"line":209,"column":14},"end":{"line":219,"column":null}},"73":{"start":{"line":217,"column":32},"end":{"line":217,"column":null}}},"fnMap":{"0":{"name":"(anonymous_0)","decl":{"start":{"line":14,"column":37},"end":{"line":14,"column":43}},"loc":{"start":{"line":14,"column":43},"end":{"line":263,"column":null}},"line":14},"1":{"name":"(anonymous_1)","decl":{"start":{"line":24,"column":74},"end":{"line":24,"column":80}},"loc":{"start":{"line":24,"column":80},"end":{"line":35,"column":3}},"line":24},"2":{"name":"(anonymous_2)","decl":{"start":{"line":37,"column":26},"end":{"line":37,"column":27}},"loc":{"start":{"line":37,"column":53},"end":{"line":42,"column":null}},"line":37},"3":{"name":"(anonymous_3)","decl":{"start":{"line":44,"column":24},"end":{"line":44,"column":31}},"loc":{"start":{"line":44,"column":55},"end":{"line":68,"column":null}},"line":44},"4":{"name":"(anonymous_4)","decl":{"start":{"line":70,"column":27},"end":{"line":70,"column":33}},"loc":{"start":{"line":70,"column":33},"end":{"line":72,"column":null}},"line":70},"5":{"name":"(anonymous_5)","decl":{"start":{"line":74,"column":26},"end":{"line":74,"column":27}},"loc":{"start":{"line":74,"column":48},"end":{"line":79,"column":null}},"line":74},"6":{"name":"(anonymous_6)","decl":{"start":{"line":81,"column":28},"end":{"line":81,"column":34}},"loc":{"start":{"line":81,"column":34},"end":{"line":84,"column":null}},"line":81},"7":{"name":"(anonymous_7)","decl":{"start":{"line":87,"column":12},"end":{"line":87,"column":18}},"loc":{"start":{"line":87,"column":18},"end":{"line":98,"column":5}},"line":87},"8":{"name":"(anonymous_8)","decl":{"start":{"line":88,"column":26},"end":{"line":88,"column":27}},"loc":{"start":{"line":88,"column":52},"end":{"line":94,"column":null}},"line":88},"9":{"name":"(anonymous_9)","decl":{"start":{"line":97,"column":11},"end":{"line":97,"column":17}},"loc":{"start":{"line":97,"column":17},"end":{"line":97,"column":null}},"line":97},"10":{"name":"(anonymous_10)","decl":{"start":{"line":117,"column":26},"end":{"line":117,"column":null}},"loc":{"start":{"line":119,"column":66},"end":{"line":158,"column":null}},"line":119},"11":{"name":"(anonymous_11)","decl":{"start":{"line":208,"column":38},"end":{"line":208,"column":39}},"loc":{"start":{"line":209,"column":14},"end":{"line":219,"column":null}},"line":209},"12":{"name":"(anonymous_12)","decl":{"start":{"line":217,"column":26},"end":{"line":217,"column":32}},"loc":{"start":{"line":217,"column":32},"end":{"line":217,"column":null}},"line":217}},"branchMap":{"0":{"loc":{"start":{"line":27,"column":4},"end":{"line":33,"column":null}},"type":"if","locations":[{"start":{"line":27,"column":4},"end":{"line":33,"column":null}},{"start":{},"end":{}}],"line":27},"1":{"loc":{"start":{"line":30,"column":6},"end":{"line":32,"column":null}},"type":"if","locations":[{"start":{"line":30,"column":6},"end":{"line":32,"column":null}},{"start":{},"end":{}}],"line":30},"2":{"loc":{"start":{"line":30,"column":10},"end":{"line":30,"column":56}},"type":"binary-expr","locations":[{"start":{"line":30,"column":10},"end":{"line":30,"column":28}},{"start":{"line":30,"column":28},"end":{"line":30,"column":43}},{"start":{"line":30,"column":43},"end":{"line":30,"column":56}}],"line":30},"3":{"loc":{"start":{"line":39,"column":4},"end":{"line":41,"column":null}},"type":"if","locations":[{"start":{"line":39,"column":4},"end":{"line":41,"column":null}},{"start":{},"end":{}}],"line":39},"4":{"loc":{"start":{"line":49,"column":4},"end":{"line":49,"column":null}},"type":"if","locations":[{"start":{"line":49,"column":4},"end":{"line":49,"column":null}},{"start":{},"end":{}}],"line":49},"5":{"loc":{"start":{"line":55,"column":4},"end":{"line":55,"column":null}},"type":"if","locations":[{"start":{"line":55,"column":4},"end":{"line":55,"column":null}},{"start":{},"end":{}}],"line":55},"6":{"loc":{"start":{"line":55,"column":8},"end":{"line":55,"column":38}},"type":"binary-expr","locations":[{"start":{"line":55,"column":8},"end":{"line":55,"column":21}},{"start":{"line":55,"column":21},"end":{"line":55,"column":38}}],"line":55},"7":{"loc":{"start":{"line":58,"column":4},"end":{"line":58,"column":null}},"type":"if","locations":[{"start":{"line":58,"column":4},"end":{"line":58,"column":null}},{"start":{},"end":{}}],"line":58},"8":{"loc":{"start":{"line":76,"column":4},"end":{"line":76,"column":null}},"type":"if","locations":[{"start":{"line":76,"column":4},"end":{"line":76,"column":null}},{"start":{},"end":{}}],"line":76},"9":{"loc":{"start":{"line":76,"column":8},"end":{"line":76,"column":38}},"type":"binary-expr","locations":[{"start":{"line":76,"column":8},"end":{"line":76,"column":24}},{"start":{"line":76,"column":24},"end":{"line":76,"column":38}}],"line":76},"10":{"loc":{"start":{"line":89,"column":6},"end":{"line":93,"column":null}},"type":"if","locations":[{"start":{"line":89,"column":6},"end":{"line":93,"column":null}},{"start":{},"end":{}}],"line":89},"11":{"loc":{"start":{"line":89,"column":10},"end":{"line":89,"column":63}},"type":"binary-expr","locations":[{"start":{"line":89,"column":10},"end":{"line":89,"column":36}},{"start":{"line":89,"column":36},"end":{"line":89,"column":63}}],"line":89},"12":{"loc":{"start":{"line":120,"column":4},"end":{"line":126,"column":null}},"type":"if","locations":[{"start":{"line":120,"column":4},"end":{"line":126,"column":null}},{"start":{},"end":{}}],"line":120},"13":{"loc":{"start":{"line":133,"column":4},"end":{"line":142,"column":null}},"type":"if","locations":[{"start":{"line":133,"column":4},"end":{"line":142,"column":null}},{"start":{"line":136,"column":4},"end":{"line":142,"column":null}}],"line":133},"14":{"loc":{"start":{"line":133,"column":8},"end":{"line":133,"column":40}},"type":"binary-expr","locations":[{"start":{"line":133,"column":8},"end":{"line":133,"column":25}},{"start":{"line":133,"column":25},"end":{"line":133,"column":40}}],"line":133},"15":{"loc":{"start":{"line":136,"column":4},"end":{"line":142,"column":null}},"type":"if","locations":[{"start":{"line":136,"column":4},"end":{"line":142,"column":null}},{"start":{"line":139,"column":4},"end":{"line":142,"column":null}}],"line":136},"16":{"loc":{"start":{"line":136,"column":15},"end":{"line":136,"column":47}},"type":"binary-expr","locations":[{"start":{"line":136,"column":15},"end":{"line":136,"column":32}},{"start":{"line":136,"column":32},"end":{"line":136,"column":47}}],"line":136},"17":{"loc":{"start":{"line":139,"column":4},"end":{"line":142,"column":null}},"type":"if","locations":[{"start":{"line":139,"column":4},"end":{"line":142,"column":null}},{"start":{},"end":{}}],"line":139},"18":{"loc":{"start":{"line":139,"column":15},"end":{"line":139,"column":47}},"type":"binary-expr","locations":[{"start":{"line":139,"column":15},"end":{"line":139,"column":32}},{"start":{"line":139,"column":32},"end":{"line":139,"column":47}}],"line":139},"19":{"loc":{"start":{"line":212,"column":27},"end":{"line":212,"column":null}},"type":"binary-expr","locations":[{"start":{"line":212,"column":27},"end":{"line":212,"column":60}},{"start":{"line":212,"column":60},"end":{"line":212,"column":null}}],"line":212},"20":{"loc":{"start":{"line":216,"column":29},"end":{"line":216,"column":null}},"type":"binary-expr","locations":[{"start":{"line":216,"column":29},"end":{"line":216,"column":58}},{"start":{"line":216,"column":58},"end":{"line":216,"column":null}}],"line":216},"21":{"loc":{"start":{"line":227,"column":9},"end":{"line":259,"column":null}},"type":"cond-expr","locations":[{"start":{"line":228,"column":10},"end":{"line":258,"column":null}},{"start":{"line":259,"column":12},"end":{"line":259,"column":null}}],"line":227},"22":{"loc":{"start":{"line":231,"column":26},"end":{"line":231,"column":null}},"type":"cond-expr","locations":[{"start":{"line":231,"column":63},"end":{"line":231,"column":67}},{"start":{"line":231,"column":67},"end":{"line":231,"column":null}}],"line":231},"23":{"loc":{"start":{"line":248,"column":17},"end":{"line":254,"column":null}},"type":"binary-expr","locations":[{"start":{"line":248,"column":17},"end":{"line":248,"column":null}},{"start":{"line":249,"column":18},"end":{"line":254,"column":null}}],"line":248}},"s":{"0":1,"1":1,"2":4,"3":4,"4":4,"5":4,"6":4,"7":0,"8":0,"9":0,"10":4,"11":4,"12":0,"13":0,"14":0,"15":4,"16":0,"17":0,"18":0,"19":0,"20":0,"21":0,"22":0,"23":0,"24":0,"25":0,"26":0,"27":0,"28":0,"29":0,"30":4,"31":0,"32":4,"33":0,"34":0,"35":0,"36":0,"37":4,"38":0,"39":0,"40":4,"41":4,"42":0,"43":0,"44":0,"45":4,"46":4,"47":4,"48":4,"49":4,"50":4,"51":4,"52":0,"53":0,"54":0,"55":0,"56":0,"57":0,"58":0,"59":0,"60":0,"61":0,"62":0,"63":0,"64":0,"65":0,"66":0,"67":0,"68":0,"69":0,"70":4,"71":4,"72":36,"73":0},"f":{"0":4,"1":4,"2":0,"3":0,"4":0,"5":0,"6":0,"7":4,"8":0,"9":4,"10":4,"11":36,"12":0},"b":{"0":[0,4],"1":[0,0],"2":[0,0,0],"3":[0,0],"4":[0,0],"5":[0,0],"6":[0,0],"7":[0,0],"8":[0,0],"9":[0,0],"10":[0,0],"11":[0,0],"12":[4,0],"13":[0,0],"14":[0,0],"15":[0,0],"16":[0,0],"17":[0,0],"18":[0,0],"19":[36,0],"20":[36,0],"21":[0,4],"22":[0,0],"23":[0,0]},"meta":{"lastBranch":24,"lastFunction":13,"lastStatement":74,"seen":{"s:12:38:12:Infinity":0,"s:14:37:263:Infinity":1,"f:14:37:14:43":0,"s:21:2:21:Infinity":2,"s:23:42:23:Infinity":3,"s:24:46:35:Infinity":4,"f:24:74:24:80":1,"s:26:19:26:Infinity":5,"b:27:4:33:Infinity:undefined:undefined:undefined:undefined":0,"s:27:4:33:Infinity":6,"s:28:21:28:Infinity":7,"b:30:6:32:Infinity:undefined:undefined:undefined:undefined":1,"s:30:6:32:Infinity":8,"b:30:10:30:28:30:28:30:43:30:43:30:56":2,"s:31:8:31:Infinity":9,"s:34:4:34:Infinity":10,"s:37:26:42:Infinity":11,"f:37:26:37:27":2,"s:38:21:38:Infinity":12,"b:39:4:41:Infinity:undefined:undefined:undefined:undefined":3,"s:39:4:41:Infinity":13,"s:40:6:40:Infinity":14,"s:44:24:68:Infinity":15,"f:44:24:44:31":3,"s:45:29:45:Infinity":16,"s:47:4:47:Infinity":17,"b:49:4:49:Infinity:undefined:undefined:undefined:undefined":4,"s:49:4:49:Infinity":18,"s:49:15:49:Infinity":19,"s:52:21:52:Infinity":20,"s:53:27:53:Infinity":21,"b:55:4:55:Infinity:undefined:undefined:undefined:undefined":5,"s:55:4:55:Infinity":22,"b:55:8:55:21:55:21:55:38":6,"s:55:38:55:Infinity":23,"b:58:4:58:Infinity:undefined:undefined:undefined:undefined":7,"s:58:4:58:Infinity":24,"s:58:51:58:Infinity":25,"s:61:39:61:Infinity":26,"s:63:4:67:Infinity":27,"s:64:6:64:Infinity":28,"s:66:6:66:Infinity":29,"s:70:27:72:Infinity":30,"f:70:27:70:33":4,"s:71:4:71:Infinity":31,"s:74:26:79:Infinity":32,"f:74:26:74:27":5,"b:76:4:76:Infinity:undefined:undefined:undefined:undefined":8,"s:76:4:76:Infinity":33,"b:76:8:76:24:76:24:76:38":9,"s:76:38:76:Infinity":34,"s:77:4:77:Infinity":35,"s:78:4:78:Infinity":36,"s:81:28:84:Infinity":37,"f:81:28:81:34":6,"s:82:4:82:Infinity":38,"s:83:4:83:Infinity":39,"s:87:2:98:Infinity":40,"f:87:12:87:18":7,"s:88:26:94:Infinity":41,"f:88:26:88:27":8,"b:89:6:93:Infinity:undefined:undefined:undefined:undefined":10,"s:89:6:93:Infinity":42,"b:89:10:89:36:89:36:89:63":11,"s:91:8:91:Infinity":43,"s:92:8:92:Infinity":44,"s:96:4:96:Infinity":45,"s:97:4:97:Infinity":46,"f:97:11:97:17":9,"s:97:17:97:Infinity":47,"s:106:24:110:Infinity":48,"s:117:26:158:Infinity":49,"f:117:26:117:Infinity":10,"b:120:4:126:Infinity:undefined:undefined:undefined:undefined":12,"s:120:4:126:Infinity":50,"s:122:6:125:Infinity":51,"s:130:14:130:Infinity":52,"s:131:14:131:Infinity":53,"b:133:4:142:Infinity:136:4:142:Infinity":13,"s:133:4:142:Infinity":54,"b:133:8:133:25:133:25:133:40":14,"s:134:6:134:Infinity":55,"s:135:6:135:Infinity":56,"b:136:4:142:Infinity:139:4:142:Infinity":15,"s:136:4:142:Infinity":57,"b:136:15:136:32:136:32:136:47":16,"s:137:6:137:Infinity":58,"s:138:6:138:Infinity":59,"b:139:4:142:Infinity:undefined:undefined:undefined:undefined":17,"s:139:4:142:Infinity":60,"b:139:15:139:32:139:32:139:47":18,"s:140:6:140:Infinity":61,"s:141:6:141:Infinity":62,"s:145:22:145:Infinity":63,"s:146:22:146:Infinity":64,"s:148:17:148:Infinity":65,"s:149:4:149:Infinity":66,"s:151:17:151:Infinity":67,"s:152:4:152:Infinity":68,"s:154:4:157:Infinity":69,"s:160:23:160:Infinity":70,"s:162:2:261:Infinity":71,"f:208:38:208:39":11,"s:209:14:219:Infinity":72,"b:212:27:212:60:212:60:212:Infinity":19,"b:216:29:216:58:216:58:216:Infinity":20,"f:217:26:217:32":12,"s:217:32:217:Infinity":73,"b:228:10:258:Infinity:259:12:259:Infinity":21,"b:231:63:231:67:231:67:231:Infinity":22,"b:248:17:248:Infinity:249:18:254:Infinity":23}}}
,"C:\\Git_Repos\\9boxer\\frontend\\src\\components\\panel\\StatisticsTab.tsx": {"path":"C:\\Git_Repos\\9boxer\\frontend\\src\\components\\panel\\StatisticsTab.tsx","statementMap":{"0":{"start":{"line":32,"column":5},"end":{"line":67,"column":null}},"1":{"start":{"line":33,"column":16},"end":{"line":33,"column":null}},"2":{"start":{"line":34,"column":29},"end":{"line":34,"column":null}},"3":{"start":{"line":35,"column":18},"end":{"line":35,"column":null}},"4":{"start":{"line":38,"column":15},"end":{"line":41,"column":null}},"5":{"start":{"line":44,"column":2},"end":{"line":65,"column":null}},"6":{"start":{"line":69,"column":39},"end":{"line":288,"column":null}},"7":{"start":{"line":70,"column":20},"end":{"line":70,"column":null}},"8":{"start":{"line":71,"column":39},"end":{"line":71,"column":null}},"9":{"start":{"line":73,"column":2},"end":{"line":86,"column":null}},"10":{"start":{"line":74,"column":4},"end":{"line":84,"column":null}},"11":{"start":{"line":88,"column":2},"end":{"line":94,"column":null}},"12":{"start":{"line":89,"column":4},"end":{"line":92,"column":null}},"13":{"start":{"line":96,"column":2},"end":{"line":111,"column":null}},"14":{"start":{"line":97,"column":4},"end":{"line":109,"column":null}},"15":{"start":{"line":114,"column":22},"end":{"line":114,"column":null}},"16":{"start":{"line":115,"column":29},"end":{"line":117,"column":null}},"17":{"start":{"line":116,"column":14},"end":{"line":116,"column":null}},"18":{"start":{"line":119,"column":2},"end":{"line":286,"column":null}},"19":{"start":{"line":184,"column":41},"end":{"line":184,"column":null}},"20":{"start":{"line":185,"column":40},"end":{"line":185,"column":null}},"21":{"start":{"line":186,"column":34},"end":{"line":186,"column":null}},"22":{"start":{"line":188,"column":16},"end":{"line":269,"column":null}}},"fnMap":{"0":{"name":"(anonymous_0)","decl":{"start":{"line":32,"column":5},"end":{"line":32,"column":6}},"loc":{"start":{"line":32,"column":40},"end":{"line":67,"column":null}},"line":32},"1":{"name":"(anonymous_1)","decl":{"start":{"line":69,"column":39},"end":{"line":69,"column":45}},"loc":{"start":{"line":69,"column":45},"end":{"line":288,"column":null}},"line":69},"2":{"name":"(anonymous_2)","decl":{"start":{"line":116,"column":4},"end":{"line":116,"column":5}},"loc":{"start":{"line":116,"column":14},"end":{"line":116,"column":null}},"line":116},"3":{"name":"(anonymous_3)","decl":{"start":{"line":183,"column":38},"end":{"line":183,"column":39}},"loc":{"start":{"line":183,"column":47},"end":{"line":271,"column":15}},"line":183}},"branchMap":{"0":{"loc":{"start":{"line":73,"column":2},"end":{"line":86,"column":null}},"type":"if","locations":[{"start":{"line":73,"column":2},"end":{"line":86,"column":null}},{"start":{},"end":{}}],"line":73},"1":{"loc":{"start":{"line":88,"column":2},"end":{"line":94,"column":null}},"type":"if","locations":[{"start":{"line":88,"column":2},"end":{"line":94,"column":null}},{"start":{},"end":{}}],"line":88},"2":{"loc":{"start":{"line":96,"column":2},"end":{"line":111,"column":null}},"type":"if","locations":[{"start":{"line":96,"column":2},"end":{"line":111,"column":null}},{"start":{},"end":{}}],"line":96},"3":{"loc":{"start":{"line":192,"column":39},"end":{"line":192,"column":null}},"type":"cond-expr","locations":[{"start":{"line":192,"column":55},"end":{"line":192,"column":71}},{"start":{"line":192,"column":71},"end":{"line":192,"column":null}}],"line":192},"4":{"loc":{"start":{"line":201,"column":36},"end":{"line":201,"column":null}},"type":"cond-expr","locations":[{"start":{"line":201,"column":52},"end":{"line":201,"column":63}},{"start":{"line":201,"column":63},"end":{"line":201,"column":null}}],"line":201},"5":{"loc":{"start":{"line":221,"column":21},"end":{"line":236,"column":null}},"type":"binary-expr","locations":[{"start":{"line":221,"column":21},"end":{"line":221,"column":41}},{"start":{"line":221,"column":41},"end":{"line":221,"column":null}},{"start":{"line":222,"column":22},"end":{"line":236,"column":null}}],"line":221},"6":{"loc":{"start":{"line":238,"column":21},"end":{"line":253,"column":null}},"type":"binary-expr","locations":[{"start":{"line":238,"column":21},"end":{"line":238,"column":40}},{"start":{"line":238,"column":40},"end":{"line":238,"column":null}},{"start":{"line":239,"column":22},"end":{"line":253,"column":null}}],"line":238},"7":{"loc":{"start":{"line":256,"column":21},"end":{"line":267,"column":null}},"type":"binary-expr","locations":[{"start":{"line":256,"column":21},"end":{"line":256,"column":null}},{"start":{"line":257,"column":22},"end":{"line":257,"column":null}},{"start":{"line":258,"column":22},"end":{"line":258,"column":null}},{"start":{"line":259,"column":22},"end":{"line":259,"column":null}},{"start":{"line":260,"column":22},"end":{"line":260,"column":null}},{"start":{"line":261,"column":22},"end":{"line":261,"column":null}},{"start":{"line":262,"column":24},"end":{"line":267,"column":null}}],"line":256}},"s":{"0":3,"1":6,"2":6,"3":6,"4":6,"5":6,"6":3,"7":3,"8":3,"9":3,"10":0,"11":3,"12":0,"13":3,"14":0,"15":3,"16":3,"17":63,"18":3,"19":27,"20":27,"21":27,"22":27},"f":{"0":6,"1":3,"2":63,"3":27},"b":{"0":[0,3],"1":[0,3],"2":[0,3],"3":[15,12],"4":[15,12],"5":[27,3,3],"6":[27,3,3],"7":[27,24,21,18,15,12,9]},"meta":{"lastBranch":8,"lastFunction":4,"lastStatement":23,"seen":{"s:32:5:67:Infinity":0,"f:32:5:32:6":0,"s:33:16:33:Infinity":1,"s:34:29:34:Infinity":2,"s:35:18:35:Infinity":3,"s:38:15:41:Infinity":4,"s:44:2:65:Infinity":5,"s:69:39:288:Infinity":6,"f:69:39:69:45":1,"s:70:20:70:Infinity":7,"s:71:39:71:Infinity":8,"b:73:2:86:Infinity:undefined:undefined:undefined:undefined":0,"s:73:2:86:Infinity":9,"s:74:4:84:Infinity":10,"b:88:2:94:Infinity:undefined:undefined:undefined:undefined":1,"s:88:2:94:Infinity":11,"s:89:4:92:Infinity":12,"b:96:2:111:Infinity:undefined:undefined:undefined:undefined":2,"s:96:2:111:Infinity":13,"s:97:4:109:Infinity":14,"s:114:22:114:Infinity":15,"s:115:29:117:Infinity":16,"f:116:4:116:5":2,"s:116:14:116:Infinity":17,"s:119:2:286:Infinity":18,"f:183:38:183:39":3,"s:184:41:184:Infinity":19,"s:185:40:185:Infinity":20,"s:186:34:186:Infinity":21,"s:188:16:269:Infinity":22,"b:192:55:192:71:192:71:192:Infinity":3,"b:201:52:201:63:201:63:201:Infinity":4,"b:221:21:221:41:221:41:221:Infinity:222:22:236:Infinity":5,"b:238:21:238:40:238:40:238:Infinity:239:22:253:Infinity":6,"b:256:21:256:Infinity:257:22:257:Infinity:258:22:258:Infinity:259:22:259:Infinity:260:22:260:Infinity:261:22:261:Infinity:262:24:267:Infinity":7}}}
,"C:\\Git_Repos\\9boxer\\frontend\\src\\types\\employee.ts": {"path":"C:\\Git_Repos\\9boxer\\frontend\\src\\types\\employee.ts","statementMap":{"0":{"start":{"line":5,"column":7},"end":{"line":5,"column":null}},"1":{"start":{"line":6,"column":2},"end":{"line":6,"column":null}},"2":{"start":{"line":7,"column":2},"end":{"line":7,"column":null}},"3":{"start":{"line":8,"column":2},"end":{"line":8,"column":null}},"4":{"start":{"line":5,"column":12},"end":{"line":5,"column":null}},"5":{"start":{"line":11,"column":7},"end":{"line":11,"column":null}},"6":{"start":{"line":12,"column":2},"end":{"line":12,"column":null}},"7":{"start":{"line":13,"column":2},"end":{"line":13,"column":null}},"8":{"start":{"line":14,"column":2},"end":{"line":14,"column":null}},"9":{"start":{"line":11,"column":12},"end":{"line":11,"column":null}}},"fnMap":{"0":{"name":"(anonymous_0)","decl":{"start":{"line":5,"column":7},"end":{"line":5,"column":12}},"loc":{"start":{"line":5,"column":7},"end":{"line":5,"column":null}},"line":5},"1":{"name":"(anonymous_1)","decl":{"start":{"line":11,"column":7},"end":{"line":11,"column":12}},"loc":{"start":{"line":11,"column":7},"end":{"line":11,"column":null}},"line":11}},"branchMap":{"0":{"loc":{"start":{"line":5,"column":12},"end":{"line":5,"column":null}},"type":"binary-expr","locations":[{"start":{"line":5,"column":12},"end":{"line":5,"column":null}},{"start":{"line":5,"column":12},"end":{"line":5,"column":null}}],"line":5},"1":{"loc":{"start":{"line":11,"column":12},"end":{"line":11,"column":null}},"type":"binary-expr","locations":[{"start":{"line":11,"column":12},"end":{"line":11,"column":null}},{"start":{"line":11,"column":12},"end":{"line":11,"column":null}}],"line":11}},"s":{"0":4,"1":4,"2":4,"3":4,"4":4,"5":4,"6":4,"7":4,"8":4,"9":4},"f":{"0":4,"1":4},"b":{"0":[4,4],"1":[4,4]},"meta":{"lastBranch":2,"lastFunction":2,"lastStatement":10,"seen":{"s:5:7:5:Infinity":0,"f:5:7:5:12":0,"s:6:2:6:Infinity":1,"s:7:2:7:Infinity":2,"s:8:2:8:Infinity":3,"s:5:12:5:Infinity":4,"b:5:12:5:Infinity:5:12:5:Infinity":0,"s:11:7:11:Infinity":5,"f:11:7:11:12":1,"s:12:2:12:Infinity":6,"s:13:2:13:Infinity":7,"s:14:2:14:Infinity":8,"s:11:12:11:Infinity":9,"b:11:12:11:Infinity:11:12:11:Infinity":1}}}
}
