============================= test session starts =============================
platform win32 -- Python 3.13.1, pytest-9.0.1, pluggy-1.6.0 -- C:\Git_Repos\9boxer\.venv\Scripts\python.exe
cachedir: .pytest_cache
hypothesis profile 'default'
benchmark: 5.2.3 (defaults: timer=time.perf_counter disable_gc=False min_rounds=5 min_time=0.000005 max_time=1.0 calibration_precision=10 warmup=False warmup_iterations=100000)
rootdir: C:\Git_Repos\9boxer
configfile: pyproject.toml
plugins: anyio-4.12.0, Faker-38.2.0, hypothesis-6.148.5, asyncio-1.3.0, benchmark-5.2.3, cov-7.0.0, mock-3.15.1, xdist-3.8.0
asyncio: mode=Mode.STRICT, debug=False, asyncio_default_fixture_loop_scope=None, asyncio_default_test_loop_scope=function
created: 12/12 workers
12 workers [726 items]

scheduling tests via LoadScopeScheduling

backend/tests/unit/api/test_employees.py::test_get_employees_when_session_exists_then_returns_all_employees
backend/tests/unit/services/test_session_manager.py::test_create_session_when_valid_data_then_creates_new_session
backend/tests/e2e/test_frozen.py::test_frozen_executable_exists
backend/tests/unit/services/test_excel_exporter.py::test_export_when_valid_file_then_creates_excel
backend/tests/unit/api/test_session_export_modes.py::test_export_when_mode_update_original_then_writes_to_original_path
backend/tests/unit/services/test_intelligence_service.py::test_chi_square_test_with_known_values
backend/tests/unit/services/test_employee_service.py::test_filter_employees_when_single_level_then_filters_correctly
backend/tests/unit/api/test_session.py::test_upload_when_valid_excel_file_then_returns_200
backend/tests/unit/services/test_session_serializer.py::test_serialize_when_complete_session_then_creates_valid_dict
backend/tests/unit/services/test_excel_parser.py::test_parse_when_valid_file_then_returns_employees
backend/tests/unit/services/test_statistics_service.py::test_calculate_distribution_when_called_then_returns_all_9_boxes
backend/tests/unit/api/test_intelligence.py::test_get_intelligence_when_session_exists_then_returns_analysis
[gw1] [  0%] PASSED backend/tests/unit/services/test_session_serializer.py::test_serialize_when_complete_session_then_creates_valid_dict
[gw9] [  0%] PASSED backend/tests/unit/services/test_statistics_service.py::test_calculate_distribution_when_called_then_returns_all_9_boxes
[gw10] [  0%] PASSED backend/tests/unit/services/test_excel_parser.py::test_parse_when_valid_file_then_returns_employees
[gw0] [  0%] PASSED backend/tests/unit/api/test_employees.py::test_get_employees_when_session_exists_then_returns_all_employees
[gw11] [  0%] PASSED backend/tests/unit/api/test_intelligence.py::test_get_intelligence_when_session_exists_then_returns_analysis
[gw7] [  0%] PASSED backend/tests/unit/services/test_employee_service.py::test_filter_employees_when_single_level_then_filters_correctly
backend/tests/unit/services/test_session_serializer.py::test_serialize_when_session_with_changes_then_includes_changes
[gw5] [  0%] PASSED backend/tests/unit/services/test_intelligence_service.py::test_chi_square_test_with_known_values
[gw2] [  1%] PASSED backend/tests/unit/services/test_session_manager.py::test_create_session_when_valid_data_then_creates_new_session
backend/tests/unit/services/test_statistics_service.py::test_calculate_distribution_when_called_then_counts_correctly
[gw6] [  1%] PASSED backend/tests/e2e/test_frozen.py::test_frozen_executable_exists
[gw3] [  1%] PASSED backend/tests/unit/services/test_excel_exporter.py::test_export_when_valid_file_then_creates_excel
[gw4] [  1%] PASSED backend/tests/unit/api/test_session.py::test_upload_when_valid_excel_file_then_returns_200
[gw1] [  1%] PASSED backend/tests/unit/services/test_session_serializer.py::test_serialize_when_session_with_changes_then_includes_changes
[gw9] [  1%] PASSED backend/tests/unit/services/test_statistics_service.py::test_calculate_distribution_when_called_then_counts_correctly
backend/tests/unit/services/test_excel_parser.py::test_parse_when_valid_file_then_extracts_employee_data_correctly
backend/tests/unit/api/test_employees.py::test_get_employees_when_filter_by_level_then_filters_correctly
backend/tests/unit/api/test_intelligence.py::test_get_intelligence_when_called_then_has_correct_structure
backend/tests/unit/services/test_intelligence_service.py::test_calculate_z_scores
backend/tests/unit/services/test_employee_service.py::test_filter_employees_when_multiple_levels_then_filters_correctly
backend/tests/unit/services/test_session_manager.py::test_get_session_when_exists_then_retrieves_session
backend/tests/e2e/test_frozen.py::test_frozen_executable_starts
[gw8] [  1%] PASSED backend/tests/unit/api/test_session_export_modes.py::test_export_when_mode_update_original_then_writes_to_original_path
backend/tests/unit/api/test_session.py::test_upload_when_invalid_file_type_then_returns_400
[gw5] [  2%] PASSED backend/tests/unit/services/test_intelligence_service.py::test_calculate_z_scores
backend/tests/unit/services/test_excel_exporter.py::test_export_when_called_then_adds_modified_column
backend/tests/unit/services/test_session_serializer.py::test_serialize_when_missing_optional_fields_then_serializes_null
backend/tests/unit/services/test_statistics_service.py::test_calculate_distribution_when_called_then_percentages_sum_to_100
[gw7] [  2%] PASSED backend/tests/unit/services/test_employee_service.py::test_filter_employees_when_multiple_levels_then_filters_correctly
[gw10] [  2%] PASSED backend/tests/unit/services/test_excel_parser.py::test_parse_when_valid_file_then_extracts_employee_data_correctly
[gw2] [  2%] PASSED backend/tests/unit/services/test_session_manager.py::test_get_session_when_exists_then_retrieves_session
backend/tests/unit/api/test_session_export_modes.py::test_export_when_mode_save_new_then_writes_to_new_path
[gw0] [  2%] PASSED backend/tests/unit/api/test_employees.py::test_get_employees_when_filter_by_level_then_filters_correctly
[gw1] [  2%] PASSED backend/tests/unit/services/test_session_serializer.py::test_serialize_when_missing_optional_fields_then_serializes_null
[gw4] [  2%] PASSED backend/tests/unit/api/test_session.py::test_upload_when_invalid_file_type_then_returns_400
[gw11] [  3%] PASSED backend/tests/unit/api/test_intelligence.py::test_get_intelligence_when_called_then_has_correct_structure
[gw9] [  3%] PASSED backend/tests/unit/services/test_statistics_service.py::test_calculate_distribution_when_called_then_percentages_sum_to_100
backend/tests/unit/services/test_intelligence_service.py::test_cramers_v_calculation
backend/tests/unit/services/test_employee_service.py::test_filter_employees_when_by_manager_then_filters_correctly
backend/tests/unit/services/test_session_manager.py::test_get_session_when_not_exists_then_returns_none
backend/tests/unit/services/test_excel_parser.py::test_parse_when_valid_file_then_handles_historical_ratings
backend/tests/unit/services/test_session_serializer.py::test_deserialize_when_complete_data_then_reconstructs_session
backend/tests/unit/api/test_employees.py::test_get_employees_when_filter_by_manager_then_filters_correctly
backend/tests/unit/api/test_session.py::test_get_status_when_active_session_then_returns_200
backend/tests/unit/api/test_intelligence.py::test_get_intelligence_when_called_then_dimension_analyses_have_required_fields
backend/tests/unit/services/test_statistics_service.py::test_calculate_distribution_when_called_then_aggregates_by_performance
[gw5] [  3%] PASSED backend/tests/unit/services/test_intelligence_service.py::test_cramers_v_calculation
[gw3] [  3%] PASSED backend/tests/unit/services/test_excel_exporter.py::test_export_when_called_then_adds_modified_column
[gw1] [  3%] PASSED backend/tests/unit/services/test_session_serializer.py::test_deserialize_when_complete_data_then_reconstructs_session
[gw2] [  3%] PASSED backend/tests/unit/services/test_session_manager.py::test_get_session_when_not_exists_then_returns_none
[gw7] [  3%] PASSED backend/tests/unit/services/test_employee_service.py::test_filter_employees_when_by_manager_then_filters_correctly
[gw9] [  3%] PASSED backend/tests/unit/services/test_statistics_service.py::test_calculate_distribution_when_called_then_aggregates_by_performance
[gw8] [  4%] PASSED backend/tests/unit/api/test_session_export_modes.py::test_export_when_mode_save_new_then_writes_to_new_path
[gw10] [  4%] PASSED backend/tests/unit/services/test_excel_parser.py::test_parse_when_valid_file_then_handles_historical_ratings
backend/tests/unit/services/test_session_serializer.py::test_deserialize_when_session_with_changes_then_reconstructs_changes
backend/tests/unit/services/test_intelligence_service.py::test_cramers_v_edge_cases
backend/tests/unit/services/test_statistics_service.py::test_calculate_distribution_when_called_then_aggregates_by_potential
backend/tests/unit/services/test_session_manager.py::test_move_employee_when_valid_then_updates_employee_position
backend/tests/unit/services/test_employee_service.py::test_filter_employees_when_exclude_ids_then_excludes_correctly
[gw11] [  4%] PASSED backend/tests/unit/api/test_intelligence.py::test_get_intelligence_when_called_then_dimension_analyses_have_required_fields
[gw1] [  4%] PASSED backend/tests/unit/services/test_session_serializer.py::test_deserialize_when_session_with_changes_then_reconstructs_changes
backend/tests/unit/api/test_session_export_modes.py::test_export_when_mode_save_new_without_new_path_then_returns_error
[gw5] [  4%] PASSED backend/tests/unit/services/test_intelligence_service.py::test_cramers_v_edge_cases
[gw9] [  4%] PASSED backend/tests/unit/services/test_statistics_service.py::test_calculate_distribution_when_called_then_aggregates_by_potential
backend/tests/unit/services/test_excel_exporter.py::test_export_when_called_then_adds_modification_date_column
backend/tests/unit/services/test_excel_parser.py::test_parse_when_valid_file_then_calculates_grid_positions_correctly
[gw0] [  4%] PASSED backend/tests/unit/api/test_employees.py::test_get_employees_when_filter_by_manager_then_filters_correctly
[gw7] [  5%] PASSED backend/tests/unit/services/test_employee_service.py::test_filter_employees_when_exclude_ids_then_excludes_correctly
[gw2] [  5%] PASSED backend/tests/unit/services/test_session_manager.py::test_move_employee_when_valid_then_updates_employee_position
backend/tests/unit/api/test_intelligence.py::test_get_intelligence_when_called_then_p_values_in_valid_range
[gw4] [  5%] PASSED backend/tests/unit/api/test_session.py::test_get_status_when_active_session_then_returns_200
backend/tests/unit/services/test_session_serializer.py::test_deserialize_when_missing_optional_fields_then_handles_gracefully
backend/tests/unit/services/test_statistics_service.py::test_calculate_distribution_when_called_then_tracks_modified_count
backend/tests/unit/services/test_intelligence_service.py::test_safe_sample_size_check
backend/tests/unit/services/test_employee_service.py::test_filter_employees_when_combined_filters_then_applies_and_logic
backend/tests/unit/api/test_employees.py::test_get_employees_when_exclude_ids_then_excludes_correctly
[gw10] [  5%] PASSED backend/tests/unit/services/test_excel_parser.py::test_parse_when_valid_file_then_calculates_grid_positions_correctly
backend/tests/unit/services/test_session_manager.py::test_move_employee_when_valid_then_tracks_changes
backend/tests/unit/api/test_session.py::test_export_when_active_session_then_returns_file
[gw5] [  5%] PASSED backend/tests/unit/services/test_intelligence_service.py::test_safe_sample_size_check
[gw7] [  5%] PASSED backend/tests/unit/services/test_employee_service.py::test_filter_employees_when_combined_filters_then_applies_and_logic
[gw1] [  5%] PASSED backend/tests/unit/services/test_session_serializer.py::test_deserialize_when_missing_optional_fields_then_handles_gracefully
[gw9] [  6%] PASSED backend/tests/unit/services/test_statistics_service.py::test_calculate_distribution_when_called_then_tracks_modified_count
[gw3] [  6%] PASSED backend/tests/unit/services/test_excel_exporter.py::test_export_when_called_then_adds_modification_date_column
[gw8] [  6%] PASSED backend/tests/unit/api/test_session_export_modes.py::test_export_when_mode_save_new_without_new_path_then_returns_error
[gw2] [  6%] PASSED backend/tests/unit/services/test_session_manager.py::test_move_employee_when_valid_then_tracks_changes
backend/tests/unit/services/test_excel_parser.py::test_parse_when_valid_file_then_handles_optional_fields_gracefully
backend/tests/unit/services/test_intelligence_service.py::test_location_analysis_with_uniform_distribution
backend/tests/unit/services/test_employee_service.py::test_filter_employees_when_by_performance_then_filters_correctly
[gw11] [  6%] PASSED backend/tests/unit/api/test_intelligence.py::test_get_intelligence_when_called_then_p_values_in_valid_range
[gw0] [  6%] PASSED backend/tests/unit/api/test_employees.py::test_get_employees_when_exclude_ids_then_excludes_correctly
backend/tests/unit/services/test_session_serializer.py::test_round_trip_serialization_when_real_employee_data_then_identical
backend/tests/unit/api/test_session_export_modes.py::test_export_when_success_then_returns_success_response
backend/tests/unit/services/test_statistics_service.py::test_calculate_distribution_when_called_then_tracks_high_performers
backend/tests/unit/services/test_session_manager.py::test_move_employee_when_moved_back_to_original_position_then_modified_status_removed
[gw4] [  6%] PASSED backend/tests/unit/api/test_session.py::test_export_when_active_session_then_returns_file
[gw5] [  7%] PASSED backend/tests/unit/services/test_intelligence_service.py::test_location_analysis_with_uniform_distribution
backend/tests/unit/api/test_employees.py::test_get_employee_by_id_when_exists_then_returns_employee
backend/tests/unit/services/test_excel_exporter.py::test_export_when_employee_modified_then_writes_modified_values
backend/tests/unit/api/test_intelligence.py::test_get_intelligence_when_called_then_effect_sizes_non_negative
[gw10] [  7%] PASSED backend/tests/unit/services/test_excel_parser.py::test_parse_when_valid_file_then_handles_optional_fields_gracefully
[gw7] [  7%] PASSED backend/tests/unit/services/test_employee_service.py::test_filter_employees_when_by_performance_then_filters_correctly
backend/tests/unit/services/test_intelligence_service.py::test_location_analysis_with_bias
backend/tests/unit/api/test_session.py::test_clear_session_when_session_exists_then_returns_200
backend/tests/unit/services/test_excel_parser.py::test_parse_when_invalid_file_format_then_raises_error
[gw2] [  7%] PASSED backend/tests/unit/services/test_session_manager.py::test_move_employee_when_moved_back_to_original_position_then_modified_status_removed
[gw11] [  7%] PASSED backend/tests/unit/api/test_intelligence.py::test_get_intelligence_when_called_then_effect_sizes_non_negative
backend/tests/unit/services/test_employee_service.py::test_filter_employees_when_by_potential_then_filters_correctly
[gw5] [  7%] PASSED backend/tests/unit/services/test_intelligence_service.py::test_location_analysis_with_bias
[gw9] [  7%] PASSED backend/tests/unit/services/test_statistics_service.py::test_calculate_distribution_when_called_then_tracks_high_performers
[gw1] [  7%] PASSED backend/tests/unit/services/test_session_serializer.py::test_round_trip_serialization_when_real_employee_data_then_identical
[gw7] [  8%] PASSED backend/tests/unit/services/test_employee_service.py::test_filter_employees_when_by_potential_then_filters_correctly
[gw0] [  8%] PASSED backend/tests/unit/api/test_employees.py::test_get_employee_by_id_when_exists_then_returns_employee
backend/tests/unit/services/test_session_manager.py::test_move_employee_when_no_session_then_raises_error
[gw10] [  8%] PASSED backend/tests/unit/services/test_excel_parser.py::test_parse_when_invalid_file_format_then_raises_error
backend/tests/unit/api/test_intelligence.py::test_get_intelligence_when_called_then_anomaly_counts_match_severity
[gw3] [  8%] PASSED backend/tests/unit/services/test_excel_exporter.py::test_export_when_employee_modified_then_writes_modified_values
[gw8] [  8%] PASSED backend/tests/unit/api/test_session_export_modes.py::test_export_when_success_then_returns_success_response
backend/tests/unit/services/test_intelligence_service.py::test_location_analysis_with_small_sample
[gw2] [  8%] PASSED backend/tests/unit/services/test_session_manager.py::test_move_employee_when_no_session_then_raises_error
backend/tests/unit/services/test_employee_service.py::test_filter_employees_when_by_multiple_performance_levels_then_filters_correctly
[gw5] [  8%] PASSED backend/tests/unit/services/test_intelligence_service.py::test_location_analysis_with_small_sample
backend/tests/unit/services/test_excel_parser.py::test_parse_when_missing_required_columns_then_raises_error
backend/tests/unit/api/test_employees.py::test_get_employee_by_id_when_not_exists_then_returns_404
[gw4] [  9%] PASSED backend/tests/unit/api/test_session.py::test_clear_session_when_session_exists_then_returns_200
backend/tests/unit/services/test_statistics_service.py::test_calculate_distribution_when_empty_list_then_returns_zero_stats
backend/tests/unit/api/test_session_export_modes.py::test_export_response_format_includes_file_path_and_message
backend/tests/unit/services/test_session_serializer.py::test_round_trip_serialization_when_employee_with_all_optional_fields_then_preserves
[gw7] [  9%] PASSED backend/tests/unit/services/test_employee_service.py::test_filter_employees_when_by_multiple_performance_levels_then_filters_correctly
[gw11] [  9%] PASSED backend/tests/unit/api/test_intelligence.py::test_get_intelligence_when_called_then_anomaly_counts_match_severity
backend/tests/unit/services/test_session_manager.py::test_move_employee_when_invalid_employee_id_then_raises_error
backend/tests/unit/services/test_excel_exporter.py::test_export_when_employee_not_modified_then_marks_as_no
backend/tests/unit/services/test_intelligence_service.py::test_location_analysis_with_single_location
[gw9] [  9%] PASSED backend/tests/unit/services/test_statistics_service.py::test_calculate_distribution_when_empty_list_then_returns_zero_stats
backend/tests/unit/api/test_session.py::test_upload_when_invalid_excel_content_then_returns_400
backend/tests/unit/services/test_employee_service.py::test_filter_employees_when_empty_list_then_returns_all
[gw0] [  9%] PASSED backend/tests/unit/api/test_employees.py::test_get_employee_by_id_when_not_exists_then_returns_404
[gw10] [  9%] PASSED backend/tests/unit/services/test_excel_parser.py::test_parse_when_missing_required_columns_then_raises_error
[gw1] [  9%] PASSED backend/tests/unit/services/test_session_serializer.py::test_round_trip_serialization_when_employee_with_all_optional_fields_then_preserves
backend/tests/unit/api/test_intelligence.py::test_get_intelligence_when_called_multiple_times_then_returns_consistent_results
[gw2] [ 10%] PASSED backend/tests/unit/services/test_session_manager.py::test_move_employee_when_invalid_employee_id_then_raises_error
[gw5] [ 10%] PASSED backend/tests/unit/services/test_intelligence_service.py::test_location_analysis_with_single_location
[gw7] [ 10%] PASSED backend/tests/unit/services/test_employee_service.py::test_filter_employees_when_empty_list_then_returns_all
[gw4] [ 10%] PASSED backend/tests/unit/api/test_session.py::test_upload_when_invalid_excel_content_then_returns_400
backend/tests/unit/services/test_statistics_service.py::test_calculate_distribution_when_single_employee_then_returns_100_percent
backend/tests/unit/api/test_employees.py::test_move_employee_when_valid_then_updates_position
backend/tests/unit/services/test_excel_parser.py::test_parse_when_no_valid_employees_then_raises_error
backend/tests/unit/services/test_session_manager.py::test_delete_session_when_exists_then_removes_session
backend/tests/unit/services/test_intelligence_service.py::test_function_analysis_with_uniform_distribution
backend/tests/unit/services/test_employee_service.py::test_filter_employees_when_no_filters_then_returns_all
backend/tests/unit/api/test_session.py::test_session_workflow_when_complete_then_all_operations_succeed
[gw8] [ 10%] PASSED backend/tests/unit/api/test_session_export_modes.py::test_export_response_format_includes_file_path_and_message
[gw5] [ 10%] PASSED backend/tests/unit/services/test_intelligence_service.py::test_function_analysis_with_uniform_distribution
[gw2] [ 10%] PASSED backend/tests/unit/services/test_session_manager.py::test_delete_session_when_exists_then_removes_session
[gw7] [ 11%] PASSED backend/tests/unit/services/test_employee_service.py::test_filter_employees_when_no_filters_then_returns_all
[gw9] [ 11%] PASSED backend/tests/unit/services/test_statistics_service.py::test_calculate_distribution_when_single_employee_then_returns_100_percent
[gw10] [ 11%] PASSED backend/tests/unit/services/test_excel_parser.py::test_parse_when_no_valid_employees_then_raises_error
[gw3] [ 11%] PASSED backend/tests/unit/services/test_excel_exporter.py::test_export_when_employee_not_modified_then_marks_as_no
backend/tests/unit/services/test_session_serializer.py::test_round_trip_serialization_when_employee_with_null_optional_fields_then_preserves
backend/tests/unit/api/test_session_export_modes.py::test_export_when_no_session_then_returns_404
backend/tests/unit/services/test_intelligence_service.py::test_function_analysis_with_bias
backend/tests/unit/services/test_session_manager.py::test_delete_session_when_not_exists_then_returns_false
backend/tests/unit/services/test_employee_service.py::test_get_filter_options_when_called_then_returns_correct_options
backend/tests/unit/services/test_excel_parser.py::test_calculate_position_when_all_combinations_then_returns_correct_positions
[gw8] [ 11%] PASSED backend/tests/unit/api/test_session_export_modes.py::test_export_when_no_session_then_returns_404
[gw11] [ 11%] PASSED backend/tests/unit/api/test_intelligence.py::test_get_intelligence_when_called_multiple_times_then_returns_consistent_results
[gw0] [ 11%] PASSED backend/tests/unit/api/test_employees.py::test_move_employee_when_valid_then_updates_position
backend/tests/unit/services/test_excel_exporter.py::test_export_when_multiple_employees_modified_then_updates_all
backend/tests/unit/services/test_statistics_service.py::test_calculate_distribution_when_called_then_includes_total_count
[gw10] [ 11%] PASSED backend/tests/unit/services/test_excel_parser.py::test_calculate_position_when_all_combinations_then_returns_correct_positions
[gw5] [ 12%] PASSED backend/tests/unit/services/test_intelligence_service.py::test_function_analysis_with_bias
[gw7] [ 12%] PASSED backend/tests/unit/services/test_employee_service.py::test_get_filter_options_when_called_then_returns_correct_options
backend/tests/unit/api/test_employees.py::test_move_employee_when_invalid_performance_then_returns_400
backend/tests/unit/api/test_session_export_modes.py::test_export_when_mode_defaults_to_update_original
backend/tests/unit/api/test_intelligence.py::test_get_intelligence_when_analyzes_full_dataset_then_uses_all_employees
backend/tests/unit/services/test_intelligence_service.py::test_level_analysis_uniformity_is_good
backend/tests/unit/services/test_excel_parser.py::test_get_position_label_when_all_combinations_then_returns_correct_labels
backend/tests/unit/services/test_employee_service.py::test_get_filter_options_when_called_then_returns_employee_list
[gw2] [ 12%] PASSED backend/tests/unit/services/test_session_manager.py::test_delete_session_when_not_exists_then_returns_false
[gw1] [ 12%] PASSED backend/tests/unit/services/test_session_serializer.py::test_round_trip_serialization_when_employee_with_null_optional_fields_then_preserves
[gw10] [ 12%] PASSED backend/tests/unit/services/test_excel_parser.py::test_get_position_label_when_all_combinations_then_returns_correct_labels
[gw5] [ 12%] PASSED backend/tests/unit/services/test_intelligence_service.py::test_level_analysis_uniformity_is_good
[gw7] [ 12%] PASSED backend/tests/unit/services/test_employee_service.py::test_get_filter_options_when_called_then_returns_employee_list
backend/tests/unit/services/test_session_manager.py::test_position_calculation_when_all_9_grid_positions_then_correct
backend/tests/unit/services/test_session_serializer.py::test_round_trip_serialization_when_multiple_moves_then_preserves_all
[gw9] [ 13%] PASSED backend/tests/unit/services/test_statistics_service.py::test_calculate_distribution_when_called_then_includes_total_count
backend/tests/unit/services/test_excel_parser.py::test_parse_when_flags_column_exists_then_reads_flags
backend/tests/unit/services/test_intelligence_service.py::test_level_analysis_calibration_issue
backend/tests/unit/services/test_employee_service.py::test_filter_employees_when_by_job_profile_then_filters_correctly
[gw3] [ 13%] PASSED backend/tests/unit/services/test_excel_exporter.py::test_export_when_multiple_employees_modified_then_updates_all
backend/tests/unit/services/test_statistics_service.py::test_get_box_label_when_all_positions_then_returns_correct_labels
[gw11] [ 13%] PASSED backend/tests/unit/api/test_intelligence.py::test_get_intelligence_when_analyzes_full_dataset_then_uses_all_employees
[gw6] [ 13%] PASSED backend/tests/e2e/test_frozen.py::test_frozen_executable_starts
[gw9] [ 13%] PASSED backend/tests/unit/services/test_statistics_service.py::test_get_box_label_when_all_positions_then_returns_correct_labels
backend/tests/unit/services/test_excel_exporter.py::test_export_when_file_has_less_than_two_sheets_then_raises_error
[gw7] [ 13%] PASSED backend/tests/unit/services/test_employee_service.py::test_filter_employees_when_by_job_profile_then_filters_correctly
backend/tests/unit/api/test_intelligence.py::test_get_intelligence_when_severity_green_then_p_value_high
[gw5] [ 13%] PASSED backend/tests/unit/services/test_intelligence_service.py::test_level_analysis_calibration_issue
[gw2] [ 14%] PASSED backend/tests/unit/services/test_session_manager.py::test_position_calculation_when_all_9_grid_positions_then_correct
[gw0] [ 14%] PASSED backend/tests/unit/api/test_employees.py::test_move_employee_when_invalid_performance_then_returns_400
[gw1] [ 14%] PASSED backend/tests/unit/services/test_session_serializer.py::test_round_trip_serialization_when_multiple_moves_then_preserves_all
[gw10] [ 14%] PASSED backend/tests/unit/services/test_excel_parser.py::test_parse_when_flags_column_exists_then_reads_flags
[gw8] [ 14%] PASSED backend/tests/unit/api/test_session_export_modes.py::test_export_when_mode_defaults_to_update_original
backend/tests/e2e/test_frozen.py::test_frozen_swagger_ui_accessible
backend/tests/unit/services/test_statistics_service.py::test_calculate_distribution_when_percentage_calculation_then_rounds_correctly
backend/tests/unit/services/test_employee_service.py::test_filter_employees_when_by_location_then_filters_by_display_name
backend/tests/unit/services/test_session_manager.py::test_position_label_generation_when_all_combinations_then_correct
backend/tests/unit/api/test_employees.py::test_move_employee_when_invalid_potential_then_returns_400
backend/tests/unit/services/test_intelligence_service.py::test_tenure_analysis_with_uniform_distribution
[gw11] [ 14%] PASSED backend/tests/unit/api/test_intelligence.py::test_get_intelligence_when_severity_green_then_p_value_high
backend/tests/unit/services/test_excel_parser.py::test_parse_when_flags_empty_then_no_flags
backend/tests/unit/api/test_session_export_modes.py::test_export_when_invalid_mode_then_returns_422
[gw3] [ 14%] PASSED backend/tests/unit/services/test_excel_exporter.py::test_export_when_file_has_less_than_two_sheets_then_raises_error
[gw4] [ 15%] PASSED backend/tests/unit/api/test_session.py::test_session_workflow_when_complete_then_all_operations_succeed
backend/tests/unit/services/test_session_serializer.py::test_serialize_when_employee_with_last_modified_then_serializes_datetime
[gw7] [ 15%] PASSED backend/tests/unit/services/test_employee_service.py::test_filter_employees_when_by_location_then_filters_by_display_name
[gw9] [ 15%] PASSED backend/tests/unit/services/test_statistics_service.py::test_calculate_distribution_when_percentage_calculation_then_rounds_correctly
[gw2] [ 15%] PASSED backend/tests/unit/services/test_session_manager.py::test_position_label_generation_when_all_combinations_then_correct
backend/tests/unit/api/test_intelligence.py::test_get_intelligence_when_sample_insufficient_then_flags_appropriately
[gw0] [ 15%] PASSED backend/tests/unit/api/test_employees.py::test_move_employee_when_invalid_potential_then_returns_400
[gw5] [ 15%] PASSED backend/tests/unit/services/test_intelligence_service.py::test_tenure_analysis_with_uniform_distribution
[gw1] [ 15%] PASSED backend/tests/unit/services/test_session_serializer.py::test_serialize_when_employee_with_last_modified_then_serializes_datetime
backend/tests/unit/api/test_session.py::test_update_change_notes_when_valid_employee_then_returns_updated_move
backend/tests/unit/services/test_employee_service.py::test_filter_employees_when_no_matches_then_returns_empty
backend/tests/unit/api/test_statistics.py::test_get_statistics_when_session_exists_then_returns_distribution
backend/tests/unit/services/test_excel_exporter.py::test_export_when_performance_updated_then_writes_new_value
backend/tests/unit/services/test_session_manager.py::test_create_session_when_called_then_deep_copies_employees
[gw10] [ 15%] PASSED backend/tests/unit/services/test_excel_parser.py::test_parse_when_flags_empty_then_no_flags
backend/tests/unit/api/test_employees.py::test_move_employee_when_employee_not_exists_then_returns_404
[gw7] [ 16%] PASSED backend/tests/unit/services/test_employee_service.py::test_filter_employees_when_no_matches_then_returns_empty
[gw11] [ 16%] PASSED backend/tests/unit/api/test_intelligence.py::test_get_intelligence_when_sample_insufficient_then_flags_appropriately
backend/tests/unit/services/test_intelligence_service.py::test_tenure_analysis_with_bias
[gw2] [ 16%] PASSED backend/tests/unit/services/test_session_manager.py::test_create_session_when_called_then_deep_copies_employees
backend/tests/unit/services/test_excel_parser.py::test_parse_when_donut_data_exists_then_reads_donut_placement
[gw9] [ 16%] PASSED backend/tests/unit/api/test_statistics.py::test_get_statistics_when_session_exists_then_returns_distribution
[gw8] [ 16%] PASSED backend/tests/unit/api/test_session_export_modes.py::test_export_when_invalid_mode_then_returns_422
backend/tests/unit/services/test_employee_service.py::test_filter_employees_when_complex_combination_then_applies_all_filters
[gw5] [ 16%] PASSED backend/tests/unit/services/test_intelligence_service.py::test_tenure_analysis_with_bias
backend/tests/unit/services/test_session_serializer.py::test_deserialize_when_employee_without_last_modified_then_handles_none
[gw3] [ 16%] PASSED backend/tests/unit/services/test_excel_exporter.py::test_export_when_performance_updated_then_writes_new_value
backend/tests/unit/api/test_intelligence.py::test_get_intelligence_when_called_then_deviations_are_lists
backend/tests/unit/services/test_session_manager.py::test_move_employee_when_moved_twice_then_single_entry_with_net_change
[gw7] [ 17%] PASSED backend/tests/unit/services/test_employee_service.py::test_filter_employees_when_complex_combination_then_applies_all_filters
backend/tests/unit/api/test_session_export_modes.py::test_export_when_non_excel_extension_then_returns_422
[gw1] [ 17%] PASSED backend/tests/unit/services/test_session_serializer.py::test_deserialize_when_employee_without_last_modified_then_handles_none
[gw10] [ 17%] PASSED backend/tests/unit/services/test_excel_parser.py::test_parse_when_donut_data_exists_then_reads_donut_placement
[gw0] [ 17%] PASSED backend/tests/unit/api/test_employees.py::test_move_employee_when_employee_not_exists_then_returns_404
backend/tests/unit/services/test_intelligence_service.py::test_overall_intelligence_aggregation
backend/tests/unit/services/test_excel_exporter.py::test_export_when_modification_date_set_then_writes_date
backend/tests/unit/models/test_filters.py::test_from_query_params_when_all_params_then_parses_correctly
[gw2] [ 17%] PASSED backend/tests/unit/services/test_session_manager.py::test_move_employee_when_moved_twice_then_single_entry_with_net_change
[gw11] [ 17%] PASSED backend/tests/unit/api/test_intelligence.py::test_get_intelligence_when_called_then_deviations_are_lists
backend/tests/unit/services/test_excel_parser.py::test_parse_when_no_donut_data_then_donut_fields_none
[gw5] [ 17%] PASSED backend/tests/unit/services/test_intelligence_service.py::test_overall_intelligence_aggregation
backend/tests/unit/services/test_session_serializer.py::test_serialize_deserialize_when_large_dataset_then_preserves_all
backend/tests/unit/api/test_statistics.py::test_get_statistics_when_called_then_distribution_has_all_boxes
backend/tests/unit/api/test_employees.py::test_get_filter_options_when_session_exists_then_returns_options
[gw8] [ 18%] PASSED backend/tests/unit/api/test_session_export_modes.py::test_export_when_non_excel_extension_then_returns_422
[gw7] [ 18%] PASSED backend/tests/unit/models/test_filters.py::test_from_query_params_when_all_params_then_parses_correctly
backend/tests/unit/services/test_session_manager.py::test_move_employee_when_moved_back_to_original_then_entry_removed
backend/tests/unit/api/test_intelligence.py::test_get_intelligence_when_quality_score_calculated_then_in_valid_range
[gw4] [ 18%] PASSED backend/tests/unit/api/test_session.py::test_update_change_notes_when_valid_employee_then_returns_updated_move
[gw1] [ 18%] PASSED backend/tests/unit/services/test_session_serializer.py::test_serialize_deserialize_when_large_dataset_then_preserves_all
backend/tests/unit/services/test_intelligence_service.py::test_quality_score_calculation
[gw10] [ 18%] PASSED backend/tests/unit/services/test_excel_parser.py::test_parse_when_no_donut_data_then_donut_fields_none
backend/tests/unit/api/test_session_export_modes.py::test_export_when_path_too_long_then_returns_422
backend/tests/unit/models/test_filters.py::test_from_query_params_when_none_then_returns_empty_filters
[gw9] [ 18%] PASSED backend/tests/unit/api/test_statistics.py::test_get_statistics_when_called_then_distribution_has_all_boxes
[gw0] [ 18%] PASSED backend/tests/unit/api/test_employees.py::test_get_filter_options_when_session_exists_then_returns_options
[gw2] [ 19%] PASSED backend/tests/unit/services/test_session_manager.py::test_move_employee_when_moved_back_to_original_then_entry_removed
[gw5] [ 19%] PASSED backend/tests/unit/services/test_intelligence_service.py::test_quality_score_calculation
[gw3] [ 19%] PASSED backend/tests/unit/services/test_excel_exporter.py::test_export_when_modification_date_set_then_writes_date
backend/tests/unit/api/test_session.py::test_update_change_notes_when_notes_updated_multiple_times_then_overwrites
backend/tests/unit/services/test_preferences_manager.py::test_add_recent_file_when_empty_then_file_added
[gw7] [ 19%] PASSED backend/tests/unit/models/test_filters.py::test_from_query_params_when_none_then_returns_empty_filters
backend/tests/unit/tools/test_validate_translations.py::TestValidateTranslations::test_single_valid_file
[gw11] [ 19%] PASSED backend/tests/unit/api/test_intelligence.py::test_get_intelligence_when_quality_score_calculated_then_in_valid_range
backend/tests/unit/api/test_employees.py::test_get_employees_when_multiple_filters_then_applies_all
backend/tests/unit/services/test_session_manager.py::test_move_employee_when_multiple_employees_moved_then_tracks_all_changes
[gw10] [ 19%] PASSED backend/tests/unit/services/test_preferences_manager.py::test_add_recent_file_when_empty_then_file_added
backend/tests/unit/services/test_intelligence_service.py::test_empty_employee_list
backend/tests/unit/api/test_statistics.py::test_get_statistics_when_with_filters_then_applies_filters
[gw8] [ 19%] PASSED backend/tests/unit/api/test_session_export_modes.py::test_export_when_path_too_long_then_returns_422
[gw1] [ 19%] PASSED backend/tests/unit/tools/test_validate_translations.py::TestValidateTranslations::test_single_valid_file
backend/tests/unit/services/test_excel_exporter.py::test_find_column_when_column_exists_then_returns_index
backend/tests/unit/models/test_filters.py::test_from_query_params_when_whitespace_then_strips
backend/tests/unit/api/test_intelligence.py::test_get_intelligence_when_response_then_matches_typeddict_structure
[gw5] [ 20%] PASSED backend/tests/unit/services/test_intelligence_service.py::test_empty_employee_list
[gw0] [ 20%] PASSED backend/tests/unit/api/test_employees.py::test_get_employees_when_multiple_filters_then_applies_all
[gw2] [ 20%] PASSED backend/tests/unit/services/test_session_manager.py::test_move_employee_when_multiple_employees_moved_then_tracks_all_changes
backend/tests/unit/services/test_preferences_manager.py::test_add_recent_file_when_exists_then_timestamp_updated
[gw9] [ 20%] PASSED backend/tests/unit/api/test_statistics.py::test_get_statistics_when_with_filters_then_applies_filters
backend/tests/unit/tools/test_validate_translations.py::TestValidateTranslations::test_two_matching_files
[gw4] [ 20%] PASSED backend/tests/unit/api/test_session.py::test_update_change_notes_when_notes_updated_multiple_times_then_overwrites
backend/tests/unit/api/test_session_export_modes.py::test_export_when_valid_xlsx_extension_then_accepts
[gw7] [ 20%] PASSED backend/tests/unit/models/test_filters.py::test_from_query_params_when_whitespace_then_strips
[gw10] [ 20%] PASSED backend/tests/unit/services/test_preferences_manager.py::test_add_recent_file_when_exists_then_timestamp_updated
backend/tests/integration/test_sample_data_intelligence.py::TestSampleDataIntelligence::test_sample_data_generates_detectable_insights_with_seed_42
backend/tests/unit/api/test_statistics.py::test_get_statistics_when_counts_then_matches_employee_data
backend/tests/unit/api/test_employees.py::test_move_employee_when_called_then_tracks_change
[gw1] [ 21%] PASSED backend/tests/unit/tools/test_validate_translations.py::TestValidateTranslations::test_two_matching_files
backend/tests/unit/services/test_session_manager.py::test_move_employee_when_moved_multiple_times_then_preserves_original_position
[gw11] [ 21%] PASSED backend/tests/unit/api/test_intelligence.py::test_get_intelligence_when_response_then_matches_typeddict_structure
backend/tests/unit/api/test_session.py::test_update_change_notes_when_invalid_employee_id_then_returns_404
backend/tests/unit/tools/test_validate_translations.py::TestValidateTranslations::test_json_syntax_error
[gw5] [ 21%] PASSED backend/tests/integration/test_sample_data_intelligence.py::TestSampleDataIntelligence::test_sample_data_generates_detectable_insights_with_seed_42
backend/tests/unit/models/test_filters.py::test_from_query_params_when_empty_string_then_none
backend/tests/unit/services/test_preferences_manager.py::test_add_recent_file_when_max_five_then_oldest_removed
[gw3] [ 21%] PASSED backend/tests/unit/services/test_excel_exporter.py::test_find_column_when_column_exists_then_returns_index
[gw9] [ 21%] PASSED backend/tests/unit/api/test_statistics.py::test_get_statistics_when_counts_then_matches_employee_data
[gw2] [ 21%] PASSED backend/tests/unit/services/test_session_manager.py::test_move_employee_when_moved_multiple_times_then_preserves_original_position
[gw1] [ 21%] PASSED backend/tests/unit/tools/test_validate_translations.py::TestValidateTranslations::test_json_syntax_error
[gw0] [ 22%] PASSED backend/tests/unit/api/test_employees.py::test_move_employee_when_called_then_tracks_change
backend/tests/integration/test_sample_data_api.py::test_generate_sample_employees_when_default_request_then_returns_200_ok
[gw7] [ 22%] PASSED backend/tests/unit/models/test_filters.py::test_from_query_params_when_empty_string_then_none
backend/tests/integration/test_sample_data_intelligence.py::TestSampleDataIntelligence::test_sample_data_consistently_generates_insights_across_seeds[42]
[gw8] [ 22%] PASSED backend/tests/unit/api/test_session_export_modes.py::test_export_when_valid_xlsx_extension_then_accepts
backend/tests/unit/api/test_statistics.py::test_get_statistics_when_by_performance_then_aggregates_correctly
backend/tests/unit/services/test_session_manager.py::test_update_change_notes_when_valid_employee_then_updates_notes
[gw10] [ 22%] PASSED backend/tests/unit/services/test_preferences_manager.py::test_add_recent_file_when_max_five_then_oldest_removed
backend/tests/unit/api/test_employees.py::test_get_employees_when_invalid_exclude_ids_then_returns_400
backend/tests/unit/tools/test_validate_translations.py::TestValidateTranslations::test_missing_keys_detected
[gw4] [ 22%] PASSED backend/tests/unit/api/test_session.py::test_update_change_notes_when_invalid_employee_id_then_returns_404
backend/tests/unit/services/test_excel_exporter.py::test_find_column_when_column_not_exists_and_create_false_then_returns_none
[gw5] [ 22%] PASSED backend/tests/integration/test_sample_data_intelligence.py::TestSampleDataIntelligence::test_sample_data_consistently_generates_insights_across_seeds[42]
backend/tests/unit/models/test_filters.py::test_from_query_params_when_single_value_then_creates_list
[gw11] [ 22%] PASSED backend/tests/integration/test_sample_data_api.py::test_generate_sample_employees_when_default_request_then_returns_200_ok
backend/tests/unit/api/test_session_export_modes.py::test_export_when_valid_xls_extension_then_accepts
[gw1] [ 23%] PASSED backend/tests/unit/tools/test_validate_translations.py::TestValidateTranslations::test_missing_keys_detected
[gw2] [ 23%] PASSED backend/tests/unit/services/test_session_manager.py::test_update_change_notes_when_valid_employee_then_updates_notes
backend/tests/unit/services/test_preferences_manager.py::test_get_recent_files_when_empty_then_returns_empty_list
[gw9] [ 23%] PASSED backend/tests/unit/api/test_statistics.py::test_get_statistics_when_by_performance_then_aggregates_correctly
backend/tests/unit/api/test_session.py::test_update_change_notes_when_no_change_entry_then_returns_404
backend/tests/integration/test_sample_data_api.py::test_generate_sample_employees_when_custom_size_then_matches_response_length
[gw7] [ 23%] PASSED backend/tests/unit/models/test_filters.py::test_from_query_params_when_single_value_then_creates_list
backend/tests/integration/test_sample_data_intelligence.py::TestSampleDataIntelligence::test_sample_data_consistently_generates_insights_across_seeds[123]
[gw0] [ 23%] PASSED backend/tests/unit/api/test_employees.py::test_get_employees_when_invalid_exclude_ids_then_returns_400
backend/tests/unit/services/test_session_manager.py::test_update_change_notes_when_notes_updated_multiple_times_then_overwrites
[gw10] [ 23%] PASSED backend/tests/unit/services/test_preferences_manager.py::test_get_recent_files_when_empty_then_returns_empty_list
backend/tests/unit/tools/test_validate_translations.py::TestValidateTranslations::test_placeholder_consistency_valid
[gw3] [ 23%] PASSED backend/tests/unit/services/test_excel_exporter.py::test_find_column_when_column_not_exists_and_create_false_then_returns_none
[gw5] [ 23%] PASSED backend/tests/integration/test_sample_data_intelligence.py::TestSampleDataIntelligence::test_sample_data_consistently_generates_insights_across_seeds[123]
[gw11] [ 24%] PASSED backend/tests/integration/test_sample_data_api.py::test_generate_sample_employees_when_custom_size_then_matches_response_length
backend/tests/unit/api/test_statistics.py::test_get_statistics_when_by_potential_then_aggregates_correctly
backend/tests/unit/models/test_filters.py::test_from_query_params_when_invalid_exclude_ids_then_raises_400
[gw8] [ 24%] PASSED backend/tests/unit/api/test_session_export_modes.py::test_export_when_valid_xls_extension_then_accepts
backend/tests/unit/api/test_employees.py::test_move_employee_when_updates_grid_position_then_position_correct
[gw2] [ 24%] PASSED backend/tests/unit/services/test_session_manager.py::test_update_change_notes_when_notes_updated_multiple_times_then_overwrites
[gw1] [ 24%] PASSED backend/tests/unit/tools/test_validate_translations.py::TestValidateTranslations::test_placeholder_consistency_valid
backend/tests/unit/services/test_preferences_manager.py::test_get_recent_files_when_populated_then_sorted_by_last_accessed
[gw7] [ 24%] PASSED backend/tests/unit/models/test_filters.py::test_from_query_params_when_invalid_exclude_ids_then_raises_400
backend/tests/integration/test_sample_data_intelligence.py::TestSampleDataIntelligence::test_sample_data_consistently_generates_insights_across_seeds[456]
backend/tests/integration/test_sample_data_api.py::test_generate_sample_employees_when_include_bias_true_then_has_bias_patterns
backend/tests/unit/api/test_session_export_modes.py::test_export_when_path_traversal_attack_then_returns_error
backend/tests/unit/services/test_excel_exporter.py::test_find_column_when_column_not_exists_and_create_true_then_returns_next_index
backend/tests/unit/services/test_session_manager.py::test_update_change_notes_when_no_session_then_raises_error
[gw9] [ 24%] PASSED backend/tests/unit/api/test_statistics.py::test_get_statistics_when_by_potential_then_aggregates_correctly
[gw5] [ 24%] PASSED backend/tests/integration/test_sample_data_intelligence.py::TestSampleDataIntelligence::test_sample_data_consistently_generates_insights_across_seeds[456]
[gw0] [ 25%] PASSED backend/tests/unit/api/test_employees.py::test_move_employee_when_updates_grid_position_then_position_correct
backend/tests/unit/tools/test_validate_translations.py::TestValidateTranslations::test_placeholder_inconsistency_detected
[gw10] [ 25%] PASSED backend/tests/unit/services/test_preferences_manager.py::test_get_recent_files_when_populated_then_sorted_by_last_accessed
backend/tests/unit/models/test_filters.py::test_to_filter_kwargs_when_some_none_then_only_includes_non_none
[gw4] [ 25%] PASSED backend/tests/unit/api/test_session.py::test_update_change_notes_when_no_change_entry_then_returns_404
[gw2] [ 25%] PASSED backend/tests/unit/services/test_session_manager.py::test_update_change_notes_when_no_session_then_raises_error
[gw11] [ 25%] PASSED backend/tests/integration/test_sample_data_api.py::test_generate_sample_employees_when_include_bias_true_then_has_bias_patterns
[gw1] [ 25%] PASSED backend/tests/unit/tools/test_validate_translations.py::TestValidateTranslations::test_placeholder_inconsistency_detected
backend/tests/unit/api/test_statistics.py::test_get_statistics_when_employees_modified_then_tracks_count
backend/tests/unit/api/test_employees.py::test_move_employee_donut_when_valid_request_then_updates_donut_position
[gw7] [ 25%] PASSED backend/tests/unit/models/test_filters.py::test_to_filter_kwargs_when_some_none_then_only_includes_non_none
backend/tests/unit/services/test_preferences_manager.py::test_add_recent_file_when_duplicate_path_then_moves_to_top
backend/tests/integration/test_sample_data_intelligence.py::TestSampleDataIntelligence::test_sample_data_consistently_generates_insights_across_seeds[789]
backend/tests/unit/api/test_session.py::test_update_change_notes_when_employee_moved_back_then_returns_404
[gw3] [ 26%] PASSED backend/tests/unit/services/test_excel_exporter.py::test_find_column_when_column_not_exists_and_create_true_then_returns_next_index
backend/tests/integration/test_sample_data_api.py::test_generate_sample_employees_when_include_bias_false_then_excludes_bias_patterns
backend/tests/unit/services/test_session_manager.py::test_update_change_notes_when_no_change_entry_then_raises_error
[gw6] [ 26%] PASSED backend/tests/e2e/test_frozen.py::test_frozen_swagger_ui_accessible
[gw5] [ 26%] PASSED backend/tests/integration/test_sample_data_intelligence.py::TestSampleDataIntelligence::test_sample_data_consistently_generates_insights_across_seeds[789]
backend/tests/unit/models/test_filters.py::test_to_filter_kwargs_when_all_none_then_empty_dict
[gw8] [ 26%] PASSED backend/tests/unit/api/test_session_export_modes.py::test_export_when_path_traversal_attack_then_returns_error
[gw10] [ 26%] PASSED backend/tests/unit/services/test_preferences_manager.py::test_add_recent_file_when_duplicate_path_then_moves_to_top
backend/tests/unit/tools/test_validate_translations.py::TestValidateTranslations::test_structure_consistency_valid
[gw7] [ 26%] PASSED backend/tests/unit/models/test_filters.py::test_to_filter_kwargs_when_all_none_then_empty_dict
[gw2] [ 26%] PASSED backend/tests/unit/services/test_session_manager.py::test_update_change_notes_when_no_change_entry_then_raises_error
[gw11] [ 26%] PASSED backend/tests/integration/test_sample_data_api.py::test_generate_sample_employees_when_include_bias_false_then_excludes_bias_patterns
backend/tests/integration/test_sample_data_intelligence.py::TestSampleDataIntelligence::test_sample_data_consistently_generates_insights_across_seeds[999]
backend/tests/e2e/test_frozen.py::test_frozen_excel_import
backend/tests/unit/api/test_session_export_modes.py::test_export_when_absolute_path_outside_allowed_dirs_then_returns_error
backend/tests/unit/services/test_excel_exporter.py::test_export_when_donut_data_exists_then_includes_columns
[gw1] [ 27%] PASSED backend/tests/unit/tools/test_validate_translations.py::TestValidateTranslations::test_structure_consistency_valid
backend/tests/unit/services/test_preferences_manager.py::test_preferences_persisted_across_instances
[gw0] [ 27%] PASSED backend/tests/unit/api/test_employees.py::test_move_employee_donut_when_valid_request_then_updates_donut_position
backend/tests/unit/tools/test_validate_translations.py::TestValidateTranslations::test_structure_inconsistency_detected
[gw5] [ 27%] PASSED backend/tests/integration/test_sample_data_intelligence.py::TestSampleDataIntelligence::test_sample_data_consistently_generates_insights_across_seeds[999]
[gw9] [ 27%] PASSED backend/tests/unit/api/test_statistics.py::test_get_statistics_when_employees_modified_then_tracks_count
backend/tests/integration/test_sample_data_api.py::test_generate_sample_employees_when_seed_provided_then_reproducible_results
backend/tests/unit/models/test_filters.py::test_to_filter_kwargs_when_all_set_then_includes_all
backend/tests/unit/services/test_session_manager.py::test_update_change_notes_when_employee_moved_back_then_raises_error
backend/tests/unit/api/test_statistics.py::test_get_statistics_when_multiple_filters_then_applies_all
[gw1] [ 27%] PASSED backend/tests/unit/tools/test_validate_translations.py::TestValidateTranslations::test_structure_inconsistency_detected
[gw10] [ 27%] PASSED backend/tests/unit/services/test_preferences_manager.py::test_preferences_persisted_across_instances
[gw7] [ 27%] PASSED backend/tests/unit/models/test_filters.py::test_to_filter_kwargs_when_all_set_then_includes_all
backend/tests/unit/api/test_employees.py::test_move_employee_donut_when_with_notes_then_saves_notes
backend/tests/unit/tools/test_validate_translations.py::TestValidateTranslations::test_real_translation_files
[gw4] [ 28%] PASSED backend/tests/unit/api/test_session.py::test_update_change_notes_when_employee_moved_back_then_returns_404
backend/tests/integration/test_sample_data_intelligence.py::TestSampleDataIntelligence::test_sample_data_with_bias_disabled_shows_no_insights
[gw2] [ 28%] PASSED backend/tests/unit/services/test_session_manager.py::test_update_change_notes_when_employee_moved_back_then_raises_error
[gw8] [ 28%] PASSED backend/tests/unit/api/test_session_export_modes.py::test_export_when_absolute_path_outside_allowed_dirs_then_returns_error
[gw1] [ 28%] PASSED backend/tests/unit/tools/test_validate_translations.py::TestValidateTranslations::test_real_translation_files
backend/tests/unit/services/test_preferences_manager.py::test_config_file_created_if_not_exists
[gw9] [ 28%] PASSED backend/tests/unit/api/test_statistics.py::test_get_statistics_when_multiple_filters_then_applies_all
backend/tests/unit/models/test_filters.py::test_parse_string_list_when_empty_items_then_filters_out
[gw11] [ 28%] PASSED backend/tests/integration/test_sample_data_api.py::test_generate_sample_employees_when_seed_provided_then_reproducible_results
[gw5] [ 28%] PASSED backend/tests/integration/test_sample_data_intelligence.py::TestSampleDataIntelligence::test_sample_data_with_bias_disabled_shows_no_insights
backend/tests/unit/tools/test_validate_translations.py::TestValidateTranslations::test_multiple_placeholder_types
[gw3] [ 29%] PASSED backend/tests/unit/services/test_excel_exporter.py::test_export_when_donut_data_exists_then_includes_columns
backend/tests/unit/services/test_session_manager.py::test_move_employee_when_notes_exist_then_creates_new_event
backend/tests/unit/api/test_session.py::test_update_change_notes_when_notes_added_then_persists_across_moves
backend/tests/unit/utils/test_query_parsing.py::test_parse_id_list_when_valid_ids_then_returns_list
[gw7] [ 29%] PASSED backend/tests/unit/models/test_filters.py::test_parse_string_list_when_empty_items_then_filters_out
[gw10] [ 29%] PASSED backend/tests/unit/services/test_preferences_manager.py::test_config_file_created_if_not_exists
backend/tests/unit/api/test_statistics.py::test_get_statistics_when_exclude_ids_then_excludes_from_count
backend/tests/integration/test_sample_data_api.py::test_generate_sample_employees_when_size_below_minimum_then_returns_400
[gw0] [ 29%] PASSED backend/tests/unit/api/test_employees.py::test_move_employee_donut_when_with_notes_then_saves_notes
backend/tests/integration/test_sample_data_intelligence.py::TestSampleDataIntelligence::test_usa_bias_produces_significant_z_score
[gw8] [ 29%] PASSED backend/tests/unit/utils/test_query_parsing.py::test_parse_id_list_when_valid_ids_then_returns_list
[gw1] [ 29%] PASSED backend/tests/unit/tools/test_validate_translations.py::TestValidateTranslations::test_multiple_placeholder_types
[gw2] [ 29%] PASSED backend/tests/unit/services/test_session_manager.py::test_move_employee_when_notes_exist_then_creates_new_event
backend/tests/unit/tools/test_validate_translations.py::TestValidateTranslations::test_unicode_content
backend/tests/unit/models/test_filters.py::test_parse_string_list_when_only_commas_then_none
backend/tests/unit/services/test_preferences_manager.py::test_corrupted_config_file_handled_gracefully
[gw5] [ 30%] PASSED backend/tests/integration/test_sample_data_intelligence.py::TestSampleDataIntelligence::test_usa_bias_produces_significant_z_score
backend/tests/unit/services/test_excel_exporter.py::test_export_when_donut_data_exists_then_populates_correctly
[gw9] [ 30%] PASSED backend/tests/unit/api/test_statistics.py::test_get_statistics_when_exclude_ids_then_excludes_from_count
[gw11] [ 30%] PASSED backend/tests/integration/test_sample_data_api.py::test_generate_sample_employees_when_size_below_minimum_then_returns_400
[gw1] [ 30%] PASSED backend/tests/unit/tools/test_validate_translations.py::TestValidateTranslations::test_unicode_content
backend/tests/unit/api/test_employees.py::test_move_employee_donut_when_multiple_moves_then_updates_entry
backend/tests/unit/api/test_statistics.py::test_get_statistics_when_percentages_then_sum_to_100
backend/tests/unit/utils/test_query_parsing.py::test_parse_id_list_when_whitespace_then_strips
backend/tests/unit/services/test_event_manager.py::TestTrackEvent::test_track_event_adds_new_event_when_not_net_zero
backend/tests/unit/services/test_session_manager.py::test_move_employee_donut_when_called_then_updates_employee
backend/tests/integration/test_sample_data_api.py::test_generate_sample_employees_when_size_above_maximum_then_returns_400
[gw10] [ 30%] PASSED backend/tests/unit/services/test_preferences_manager.py::test_corrupted_config_file_handled_gracefully
backend/tests/integration/test_sample_data_intelligence.py::TestSampleDataIntelligence::test_sales_bias_produces_significant_z_score
[gw1] [ 30%] PASSED backend/tests/unit/services/test_event_manager.py::TestTrackEvent::test_track_event_adds_new_event_when_not_net_zero
[gw8] [ 30%] PASSED backend/tests/unit/utils/test_query_parsing.py::test_parse_id_list_when_whitespace_then_strips
[gw7] [ 30%] PASSED backend/tests/unit/models/test_filters.py::test_parse_string_list_when_only_commas_then_none
backend/tests/unit/services/test_event_manager.py::TestTrackEvent::test_track_event_does_not_add_net_zero_event
[gw11] [ 31%] PASSED backend/tests/integration/test_sample_data_api.py::test_generate_sample_employees_when_size_above_maximum_then_returns_400
[gw2] [ 31%] PASSED backend/tests/unit/services/test_session_manager.py::test_move_employee_donut_when_called_then_updates_employee
backend/tests/unit/services/test_preferences_manager.py::test_add_recent_file_when_path_traversal_then_raises_error
[gw5] [ 31%] PASSED backend/tests/integration/test_sample_data_intelligence.py::TestSampleDataIntelligence::test_sales_bias_produces_significant_z_score
[gw9] [ 31%] PASSED backend/tests/unit/api/test_statistics.py::test_get_statistics_when_percentages_then_sum_to_100
[gw3] [ 31%] PASSED backend/tests/unit/services/test_excel_exporter.py::test_export_when_donut_data_exists_then_populates_correctly
[gw1] [ 31%] PASSED backend/tests/unit/services/test_event_manager.py::TestTrackEvent::test_track_event_does_not_add_net_zero_event
[gw0] [ 31%] PASSED backend/tests/unit/api/test_employees.py::test_move_employee_donut_when_multiple_moves_then_updates_entry
backend/tests/unit/utils/test_query_parsing.py::test_parse_id_list_when_none_then_returns_none
backend/tests/unit/services/test_database.py::test_init_when_first_run_then_creates_database
backend/tests/unit/api/test_statistics.py::test_get_statistics_when_invalid_exclude_ids_then_returns_400
backend/tests/unit/services/test_session_manager.py::test_move_employee_donut_when_multiple_moves_then_tracks_final
backend/tests/unit/services/test_event_manager.py::TestTrackEvent::test_track_event_removes_previous_event_of_same_type
backend/tests/integration/test_sample_data_api.py::test_generate_sample_employees_when_generated_then_has_required_fields
[gw10] [ 32%] PASSED backend/tests/unit/services/test_preferences_manager.py::test_add_recent_file_when_path_traversal_then_raises_error
[gw4] [ 32%] PASSED backend/tests/unit/api/test_session.py::test_update_change_notes_when_notes_added_then_persists_across_moves
backend/tests/unit/services/test_sample_data_generator.py::TestRichEmployeeGenerator::test_generate_dataset_when_generated_then_correct_size
[gw8] [ 32%] PASSED backend/tests/unit/utils/test_query_parsing.py::test_parse_id_list_when_none_then_returns_none
[gw1] [ 32%] PASSED backend/tests/unit/services/test_event_manager.py::TestTrackEvent::test_track_event_removes_previous_event_of_same_type
backend/tests/unit/api/test_employees.py::test_move_employee_donut_when_moved_to_5_then_removes_entry
[gw7] [ 32%] PASSED backend/tests/unit/services/test_database.py::test_init_when_first_run_then_creates_database
[gw2] [ 32%] PASSED backend/tests/unit/services/test_session_manager.py::test_move_employee_donut_when_multiple_moves_then_tracks_final
backend/tests/unit/services/test_event_manager.py::TestTrackEvent::test_track_event_does_not_remove_events_for_different_employees
[gw11] [ 32%] PASSED backend/tests/integration/test_sample_data_api.py::test_generate_sample_employees_when_generated_then_has_required_fields
backend/tests/unit/services/test_excel_exporter.py::test_export_when_no_donut_data_then_empty_cells
[gw1] [ 33%] PASSED backend/tests/unit/services/test_event_manager.py::TestTrackEvent::test_track_event_does_not_remove_events_for_different_employees
[gw9] [ 33%] PASSED backend/tests/unit/api/test_statistics.py::test_get_statistics_when_invalid_exclude_ids_then_returns_400
backend/tests/unit/services/test_preferences_manager.py::test_add_recent_file_when_windows_reserved_name_then_raises_error
backend/tests/unit/api/test_session.py::test_upload_when_valid_file_then_saves_to_uploads_directory
[gw5] [ 33%] PASSED backend/tests/unit/services/test_sample_data_generator.py::TestRichEmployeeGenerator::test_generate_dataset_when_generated_then_correct_size
backend/tests/unit/utils/test_query_parsing.py::test_parse_id_list_when_empty_string_then_returns_none
backend/tests/unit/services/test_session_manager.py::test_move_employee_donut_when_return_to_5_then_clears_data
backend/tests/unit/services/test_event_manager.py::TestTrackEvent::test_track_event_handles_flag_events_with_same_flag_correctly
[gw10] [ 33%] PASSED backend/tests/unit/services/test_preferences_manager.py::test_add_recent_file_when_windows_reserved_name_then_raises_error
backend/tests/integration/test_sample_data_api.py::test_generate_sample_employees_when_300_employees_then_completes_under_2_seconds
backend/tests/unit/services/test_session_manager_events.py::TestUpdateEmployeeFlags::test_update_employee_flags_when_adding_new_flag_then_creates_flag_add_event
backend/tests/unit/services/test_database.py::test_init_when_first_run_then_creates_schema
[gw8] [ 33%] PASSED backend/tests/unit/utils/test_query_parsing.py::test_parse_id_list_when_empty_string_then_returns_none
backend/tests/unit/services/test_sample_data_generator.py::TestRichEmployeeGenerator::test_generate_dataset_when_generated_then_all_columns_populated
[gw0] [ 33%] PASSED backend/tests/unit/api/test_employees.py::test_move_employee_donut_when_moved_to_5_then_removes_entry
[gw2] [ 33%] PASSED backend/tests/unit/services/test_session_manager.py::test_move_employee_donut_when_return_to_5_then_clears_data
[gw1] [ 34%] PASSED backend/tests/unit/services/test_event_manager.py::TestTrackEvent::test_track_event_handles_flag_events_with_same_flag_correctly
backend/tests/performance/test_import_performance.py::test_main_module_import_time
[gw5] [ 34%] PASSED backend/tests/unit/services/test_sample_data_generator.py::TestRichEmployeeGenerator::test_generate_dataset_when_generated_then_all_columns_populated
[gw3] [ 34%] PASSED backend/tests/unit/services/test_excel_exporter.py::test_export_when_no_donut_data_then_empty_cells
[gw7] [ 34%] PASSED backend/tests/unit/services/test_database.py::test_init_when_first_run_then_creates_schema
[gw9] [ 34%] PASSED backend/tests/unit/services/test_session_manager_events.py::TestUpdateEmployeeFlags::test_update_employee_flags_when_adding_new_flag_then_creates_flag_add_event
backend/tests/unit/utils/test_query_parsing.py::test_parse_id_list_when_whitespace_only_then_returns_none
[gw4] [ 34%] PASSED backend/tests/unit/api/test_session.py::test_upload_when_valid_file_then_saves_to_uploads_directory
backend/tests/unit/api/test_employees.py::test_move_employee_donut_when_invalid_employee_then_404
[gw11] [ 34%] PASSED backend/tests/integration/test_sample_data_api.py::test_generate_sample_employees_when_300_employees_then_completes_under_2_seconds
backend/tests/unit/services/test_session_manager.py::test_toggle_donut_mode_when_enabled_then_sets_flag
[gw8] [ 34%] PASSED backend/tests/unit/utils/test_query_parsing.py::test_parse_id_list_when_whitespace_only_then_returns_none
backend/tests/unit/services/test_event_manager.py::TestTrackEvent::test_track_event_does_not_remove_flag_events_for_different_flags
backend/tests/unit/services/test_session_manager_events.py::TestUpdateEmployeeFlags::test_update_employee_flags_when_removing_flag_from_original_then_creates_flag_remove_event
backend/tests/unit/services/test_sample_data_generator.py::TestRichEmployeeGenerator::test_generate_dataset_when_generated_then_locations_distributed
backend/tests/unit/api/test_session.py::test_upload_when_valid_file_then_filename_includes_session_id
[gw1] [ 35%] PASSED backend/tests/unit/services/test_event_manager.py::TestTrackEvent::test_track_event_does_not_remove_flag_events_for_different_flags
[gw2] [ 35%] PASSED backend/tests/unit/services/test_session_manager.py::test_toggle_donut_mode_when_enabled_then_sets_flag
backend/tests/integration/test_sample_data_api.py::test_generate_sample_employees_when_metadata_then_has_correct_structure
backend/tests/unit/services/test_database.py::test_get_connection_when_called_then_returns_connection
[gw0] [ 35%] PASSED backend/tests/unit/api/test_employees.py::test_move_employee_donut_when_invalid_employee_then_404
backend/tests/unit/services/test_excel_exporter.py::test_export_when_flags_exist_then_includes_flags_column
backend/tests/unit/utils/test_query_parsing.py::test_parse_id_list_when_invalid_id_then_raises_400
[gw9] [ 35%] PASSED backend/tests/unit/services/test_session_manager_events.py::TestUpdateEmployeeFlags::test_update_employee_flags_when_removing_flag_from_original_then_creates_flag_remove_event
[gw5] [ 35%] PASSED backend/tests/unit/services/test_sample_data_generator.py::TestRichEmployeeGenerator::test_generate_dataset_when_generated_then_locations_distributed
backend/tests/unit/services/test_event_manager.py::TestTrackEvent::test_track_event_handles_donut_events
[gw8] [ 35%] PASSED backend/tests/unit/utils/test_query_parsing.py::test_parse_id_list_when_invalid_id_then_raises_400
[gw7] [ 35%] PASSED backend/tests/unit/services/test_database.py::test_get_connection_when_called_then_returns_connection
backend/tests/unit/services/test_session_manager.py::test_toggle_donut_mode_when_disabled_then_clears_flag
backend/tests/unit/api/test_employees.py::test_move_employee_donut_when_invalid_position_then_400
[gw11] [ 36%] PASSED backend/tests/integration/test_sample_data_api.py::test_generate_sample_employees_when_metadata_then_has_correct_structure
backend/tests/unit/services/test_sample_data_generator.py::TestRichEmployeeGenerator::test_generate_dataset_when_generated_then_functions_distributed
backend/tests/unit/services/test_session_manager_events.py::TestUpdateEmployeeFlags::test_update_employee_flags_when_removing_added_flag_then_removes_add_event
[gw4] [ 36%] PASSED backend/tests/unit/api/test_session.py::test_upload_when_valid_file_then_filename_includes_session_id
[gw10] [ 36%] PASSED backend/tests/performance/test_import_performance.py::test_main_module_import_time
[gw1] [ 36%] PASSED backend/tests/unit/services/test_event_manager.py::TestTrackEvent::test_track_event_handles_donut_events
backend/tests/unit/utils/test_query_parsing.py::test_parse_id_list_when_custom_param_name_then_uses_in_error
[gw0] [ 36%] PASSED backend/tests/unit/api/test_employees.py::test_move_employee_donut_when_invalid_position_then_400
[gw2] [ 36%] PASSED backend/tests/unit/services/test_session_manager.py::test_toggle_donut_mode_when_disabled_then_clears_flag
[gw5] [ 36%] PASSED backend/tests/unit/services/test_sample_data_generator.py::TestRichEmployeeGenerator::test_generate_dataset_when_generated_then_functions_distributed
backend/tests/unit/services/test_session_persistence.py::test_create_session_when_called_then_persists_to_database
backend/tests/unit/services/test_database.py::test_get_connection_when_query_executes_then_commits
[gw8] [ 37%] PASSED backend/tests/unit/utils/test_query_parsing.py::test_parse_id_list_when_custom_param_name_then_uses_in_error
[gw3] [ 37%] PASSED backend/tests/unit/services/test_excel_exporter.py::test_export_when_flags_exist_then_includes_flags_column
backend/tests/unit/api/test_session.py::test_upload_when_valid_file_then_file_persists_after_upload
backend/tests/performance/test_import_performance.py::test_scipy_not_imported_at_startup
[gw9] [ 37%] PASSED backend/tests/unit/services/test_session_manager_events.py::TestUpdateEmployeeFlags::test_update_employee_flags_when_removing_added_flag_then_removes_add_event
backend/tests/unit/services/test_event_manager.py::TestTrackEvent::test_track_event_removes_net_zero_donut_event
backend/tests/unit/api/test_employees.py::test_update_employee_when_valid_flags_then_updates_flags
backend/tests/unit/services/test_session_manager.py::test_toggle_donut_mode_when_no_session_then_raises_error
backend/tests/unit/services/test_sample_data_generator.py::TestRichEmployeeGenerator::test_generate_dataset_when_generated_then_levels_pyramid
[gw11] [ 37%] PASSED backend/tests/unit/services/test_session_persistence.py::test_create_session_when_called_then_persists_to_database
backend/tests/unit/utils/test_query_parsing.py::test_parse_id_list_when_empty_values_then_skips
[gw7] [ 37%] PASSED backend/tests/unit/services/test_database.py::test_get_connection_when_query_executes_then_commits
[gw1] [ 37%] PASSED backend/tests/unit/services/test_event_manager.py::TestTrackEvent::test_track_event_removes_net_zero_donut_event
[gw2] [ 37%] PASSED backend/tests/unit/services/test_session_manager.py::test_toggle_donut_mode_when_no_session_then_raises_error
backend/tests/unit/services/test_session_manager_events.py::TestUpdateEmployeeFlags::test_update_employee_flags_when_adding_back_removed_flag_then_removes_remove_event
backend/tests/unit/services/test_excel_exporter.py::test_export_when_flags_set_then_writes_comma_separated
[gw5] [ 38%] PASSED backend/tests/unit/services/test_sample_data_generator.py::TestRichEmployeeGenerator::test_generate_dataset_when_generated_then_levels_pyramid
[gw8] [ 38%] PASSED backend/tests/unit/utils/test_query_parsing.py::test_parse_id_list_when_empty_values_then_skips
[gw4] [ 38%] PASSED backend/tests/unit/api/test_session.py::test_upload_when_valid_file_then_file_persists_after_upload
[gw0] [ 38%] PASSED backend/tests/unit/api/test_employees.py::test_update_employee_when_valid_flags_then_updates_flags
backend/tests/unit/services/test_session_persistence.py::test_restore_sessions_when_startup_then_loads_from_database
backend/tests/unit/services/test_session_manager.py::test_move_employee_donut_when_no_session_then_raises_error
backend/tests/unit/tools/test_validate_translations.py::TestExtractPlaceholders::test_extract_single_placeholder
[gw9] [ 38%] PASSED backend/tests/unit/services/test_session_manager_events.py::TestUpdateEmployeeFlags::test_update_employee_flags_when_adding_back_removed_flag_then_removes_remove_event
backend/tests/unit/services/test_sample_data_generator.py::TestRichEmployeeGenerator::test_generate_dataset_when_generated_then_all_grid_positions_covered
backend/tests/unit/utils/test_query_parsing.py::test_parse_id_list_when_single_id_then_returns_single_item_list
backend/tests/unit/services/test_database.py::test_get_connection_when_exception_occurs_then_rolls_back
backend/tests/unit/api/test_session.py::test_clear_session_when_session_exists_then_deletes_uploaded_file
backend/tests/unit/api/test_employees.py::test_update_employee_when_invalid_flags_then_returns_422
[gw2] [ 38%] PASSED backend/tests/unit/services/test_session_manager.py::test_move_employee_donut_when_no_session_then_raises_error
[gw11] [ 38%] PASSED backend/tests/unit/services/test_session_persistence.py::test_restore_sessions_when_startup_then_loads_from_database
[gw6] [ 38%] PASSED backend/tests/e2e/test_frozen.py::test_frozen_excel_import
[gw3] [ 39%] PASSED backend/tests/unit/services/test_excel_exporter.py::test_export_when_flags_set_then_writes_comma_separated
[gw5] [ 39%] PASSED backend/tests/unit/services/test_sample_data_generator.py::TestRichEmployeeGenerator::test_generate_dataset_when_generated_then_all_grid_positions_covered
[gw1] [ 39%] PASSED backend/tests/unit/tools/test_validate_translations.py::TestExtractPlaceholders::test_extract_single_placeholder
backend/tests/unit/services/test_session_manager_events.py::TestUpdateEmployeeFlags::test_update_employee_flags_when_multiple_flags_then_creates_multiple_events
[gw8] [ 39%] PASSED backend/tests/unit/utils/test_query_parsing.py::test_parse_id_list_when_single_id_then_returns_single_item_list
[gw7] [ 39%] PASSED backend/tests/unit/services/test_database.py::test_get_connection_when_exception_occurs_then_rolls_back
[gw10] [ 39%] PASSED backend/tests/performance/test_import_performance.py::test_scipy_not_imported_at_startup
[gw0] [ 39%] PASSED backend/tests/unit/api/test_employees.py::test_update_employee_when_invalid_flags_then_returns_422
backend/tests/unit/services/test_session_manager.py::test_move_employee_donut_when_invalid_employee_then_raises_error
[gw9] [ 40%] PASSED backend/tests/unit/services/test_session_manager_events.py::TestUpdateEmployeeFlags::test_update_employee_flags_when_multiple_flags_then_creates_multiple_events
backend/tests/unit/tools/test_validate_translations.py::TestExtractPlaceholders::test_extract_multiple_placeholders
backend/tests/unit/services/test_sample_data_generator.py::TestRichEmployeeGenerator::test_generate_dataset_when_generated_then_all_flag_types_present
backend/tests/e2e/test_frozen.py::test_frozen_excel_import_get_employees
backend/tests/unit/core/test_config.py::TestSettings::test_settings_when_defaults_then_valid_configuration
backend/tests/unit/services/test_session_persistence.py::test_move_employee_when_called_then_persists_changes
backend/tests/unit/services/test_excel_exporter.py::test_export_when_no_flags_then_empty_cell
[gw2] [ 40%] PASSED backend/tests/unit/services/test_session_manager.py::test_move_employee_donut_when_invalid_employee_then_raises_error
[gw1] [ 40%] PASSED backend/tests/unit/tools/test_validate_translations.py::TestExtractPlaceholders::test_extract_multiple_placeholders
backend/tests/unit/api/test_employees.py::test_update_employee_when_empty_flags_then_clears_flags
backend/tests/performance/test_import_performance.py::test_scipy_imported_when_intelligence_used
[gw5] [ 40%] PASSED backend/tests/unit/services/test_sample_data_generator.py::TestRichEmployeeGenerator::test_generate_dataset_when_generated_then_all_flag_types_present
[gw4] [ 40%] PASSED backend/tests/unit/api/test_session.py::test_clear_session_when_session_exists_then_deletes_uploaded_file
backend/tests/unit/services/test_database.py::test_sessions_table_when_queried_then_has_correct_schema
backend/tests/unit/services/test_session_manager_events.py::TestUpdateEmployeeFlags::test_update_employee_flags_when_partial_change_then_tracks_diff
[gw8] [ 40%] PASSED backend/tests/unit/core/test_config.py::TestSettings::test_settings_when_defaults_then_valid_configuration
[gw11] [ 40%] PASSED backend/tests/unit/services/test_session_persistence.py::test_move_employee_when_called_then_persists_changes
backend/tests/unit/tools/test_validate_translations.py::TestExtractPlaceholders::test_extract_no_placeholders
backend/tests/unit/core/test_database.py::TestGetDbPath::test_get_db_path_when_called_then_returns_path
backend/tests/unit/services/test_sample_data_generator.py::TestRichEmployeeGenerator::test_generate_dataset_when_generated_then_grid_position_matches_perf_pot
backend/tests/unit/api/test_session.py::test_clear_session_when_file_missing_then_handles_gracefully
[gw10] [ 41%] PASSED backend/tests/performance/test_import_performance.py::test_scipy_imported_when_intelligence_used
backend/tests/unit/core/test_config.py::TestSettings::test_settings_when_debug_false_then_cors_has_dev_origins
[gw9] [ 41%] PASSED backend/tests/unit/services/test_session_manager_events.py::TestUpdateEmployeeFlags::test_update_employee_flags_when_partial_change_then_tracks_diff
[gw7] [ 41%] PASSED backend/tests/unit/services/test_database.py::test_sessions_table_when_queried_then_has_correct_schema
[gw1] [ 41%] PASSED backend/tests/unit/tools/test_validate_translations.py::TestExtractPlaceholders::test_extract_no_placeholders
[gw2] [ 41%] PASSED backend/tests/unit/core/test_database.py::TestGetDbPath::test_get_db_path_when_called_then_returns_path
[gw5] [ 41%] PASSED backend/tests/unit/services/test_sample_data_generator.py::TestRichEmployeeGenerator::test_generate_dataset_when_generated_then_grid_position_matches_perf_pot
[gw3] [ 41%] PASSED backend/tests/unit/services/test_excel_exporter.py::test_export_when_no_flags_then_empty_cell
[gw8] [ 42%] PASSED backend/tests/unit/core/test_config.py::TestSettings::test_settings_when_debug_false_then_cors_has_dev_origins
backend/tests/unit/services/test_session_persistence.py::test_update_change_notes_when_called_then_persists_notes
[gw0] [ 42%] PASSED backend/tests/unit/api/test_employees.py::test_update_employee_when_empty_flags_then_clears_flags
backend/tests/unit/core/test_database.py::TestGetDbPath::test_get_db_path_when_called_then_uses_user_data_dir
backend/tests/unit/services/test_session_manager_events.py::TestUpdateEmployeeFlags::test_update_employee_flags_when_no_changes_then_no_events
backend/tests/unit/services/test_sample_data_generator.py::TestManagementChainBuilder::test_build_org_hierarchy_when_small_org_then_has_all_levels
backend/tests/performance/test_import_performance.py::test_openpyxl_not_imported_at_startup
backend/tests/unit/tools/test_validate_translations.py::TestExtractPlaceholders::test_extract_repeated_placeholder
backend/tests/unit/services/test_database.py::test_sessions_table_when_queried_then_has_indexes
backend/tests/unit/core/test_config.py::TestSettings::test_settings_when_debug_true_then_cors_allows_dev_origins
backend/tests/unit/api/test_employees.py::test_update_employee_when_all_allowed_flags_then_accepts_all
[gw5] [ 42%] PASSED backend/tests/unit/services/test_sample_data_generator.py::TestManagementChainBuilder::test_build_org_hierarchy_when_small_org_then_has_all_levels
backend/tests/unit/services/test_excel_exporter.py::test_export_when_empty_flags_list_then_empty_cell
[gw2] [ 42%] PASSED backend/tests/unit/core/test_database.py::TestGetDbPath::test_get_db_path_when_called_then_uses_user_data_dir
[gw9] [ 42%] PASSED backend/tests/unit/services/test_session_manager_events.py::TestUpdateEmployeeFlags::test_update_employee_flags_when_no_changes_then_no_events
[gw1] [ 42%] PASSED backend/tests/unit/tools/test_validate_translations.py::TestExtractPlaceholders::test_extract_repeated_placeholder
[gw7] [ 42%] PASSED backend/tests/unit/services/test_database.py::test_sessions_table_when_queried_then_has_indexes
[gw8] [ 42%] PASSED backend/tests/unit/core/test_config.py::TestSettings::test_settings_when_debug_true_then_cors_allows_dev_origins
[gw4] [ 43%] PASSED backend/tests/unit/api/test_session.py::test_clear_session_when_file_missing_then_handles_gracefully
[gw11] [ 43%] PASSED backend/tests/unit/services/test_session_persistence.py::test_update_change_notes_when_called_then_persists_notes
backend/tests/unit/services/test_sample_data_generator.py::TestManagementChainBuilder::test_build_org_hierarchy_when_built_then_no_orphans
backend/tests/unit/tools/test_validate_translations.py::TestExtractPlaceholders::test_extract_from_empty_string
backend/tests/unit/core/test_database.py::TestGetDbPath::test_get_db_path_when_app_data_dir_set_then_respects_location
backend/tests/unit/services/test_session_manager_events.py::TestUpdateEmployeeFlags::test_update_employee_flags_when_multiple_changes_then_preserves_other_flags
backend/tests/unit/core/test_config.py::TestSettings::test_settings_when_env_override_then_uses_env_value
backend/tests/unit/api/test_session.py::test_toggle_donut_mode_when_enabled_then_activates
[gw1] [ 43%] PASSED backend/tests/unit/tools/test_validate_translations.py::TestExtractPlaceholders::test_extract_from_empty_string
[gw5] [ 43%] PASSED backend/tests/unit/services/test_sample_data_generator.py::TestManagementChainBuilder::test_build_org_hierarchy_when_built_then_no_orphans
[gw0] [ 43%] PASSED backend/tests/unit/api/test_employees.py::test_update_employee_when_all_allowed_flags_then_accepts_all
[gw2] [ 43%] PASSED backend/tests/unit/core/test_database.py::TestGetDbPath::test_get_db_path_when_app_data_dir_set_then_respects_location
[gw3] [ 43%] PASSED backend/tests/unit/services/test_excel_exporter.py::test_export_when_empty_flags_list_then_empty_cell
backend/tests/unit/services/test_database.py::test_multiple_connections_when_opened_then_work_independently
[gw8] [ 44%] PASSED backend/tests/unit/core/test_config.py::TestSettings::test_settings_when_env_override_then_uses_env_value
backend/tests/unit/services/test_session_persistence.py::test_delete_session_when_called_then_removes_from_database
[...]
backend/tests/unit/services/test_session_manager_events.py::TestMoveEmployeeDonutWithEvents::test_move_employee_donut_when_called_then_creates_donut_move_event
[gw0] [ 92%] PASSED backend/tests/unit/services/test_excel_parser_edge_cases.py::TestLargeFiles::test_parse_when_large_file_then_processes_all_employees
[gw3] [ 92%] PASSED backend/tests/unit/services/test_excel_parser_error_paths.py::TestSheetDetectionErrors::test_find_best_sheet_when_sheet_read_error_then_falls_back
backend/tests/unit/services/test_sample_data_generator.py::TestRichDatasetConfig::test_custom_config_when_created_then_has_custom_values
backend/tests/unit/services/test_sample_data_generator.py::TestReproducibility::test_reproducibility_when_different_seed_then_different_datasets
[gw8] [ 92%] PASSED backend/tests/unit/services/test_excel_parser_edge_cases.py::TestMultipleSheets::test_parse_when_multiple_sheets_then_ignores_other_sheets
backend/tests/unit/services/test_excel_parser_edge_cases.py::TestLargeFiles::test_parse_when_large_file_then_maintains_data_quality
backend/tests/integration/test_cross_module_integration.py::TestFilterIntelligenceIntegration::test_intelligence_when_filter_applied_then_analyzes_subset
[gw7] [ 92%] PASSED backend/tests/unit/services/test_sample_data_generator.py::TestReproducibility::test_reproducibility_when_different_seed_then_different_datasets
[gw2] [ 92%] PASSED backend/tests/performance/test_service_performance.py::TestExcelExporterPerformance::test_export_when_large_dataset_then_completes_within_limit
backend/tests/integration/test_cross_module_integration.py::TestMovementStatisticsIntegration::test_statistics_when_employee_moved_then_updates_distribution
[gw9] [ 93%] PASSED backend/tests/unit/services/test_sample_data_generator.py::TestRichDatasetConfig::test_custom_config_when_created_then_has_custom_values
backend/tests/integration/test_filter_intelligence_workflow.py::TestSessionFilterPersistence::test_apply_filter_then_clear_when_queried_again_then_full_dataset_returned
[gw1] [ 93%] PASSED backend/tests/unit/services/test_session_manager_events.py::TestMoveEmployeeDonutWithEvents::test_move_employee_donut_when_called_then_creates_donut_move_event
backend/tests/unit/api/test_request_validation.py::TestEmptyBody::test_move_when_empty_body_then_returns_422
[gw3] [ 93%] PASSED backend/tests/integration/test_cross_module_integration.py::TestFilterIntelligenceIntegration::test_intelligence_when_filter_applied_then_analyzes_subset
backend/tests/unit/services/test_session_manager_events.py::TestMoveEmployeeDonutWithEvents::test_move_employee_donut_when_return_to_5_then_removes_event
backend/tests/integration/test_intelligence_integration.py::TestIntelligenceNoDeviations::test_location_analysis_when_perfectly_uniform_then_green_status
backend/tests/integration/test_intelligence_integration.py::TestIntelligenceSmallDeviations::test_location_analysis_when_small_deviations_then_green_status
[gw2] [ 93%] PASSED backend/tests/unit/api/test_request_validation.py::TestEmptyBody::test_move_when_empty_body_then_returns_422
[gw3] [ 93%] PASSED backend/tests/integration/test_intelligence_integration.py::TestIntelligenceSmallDeviations::test_location_analysis_when_small_deviations_then_green_status
[gw9] [ 93%] PASSED backend/tests/integration/test_intelligence_integration.py::TestIntelligenceNoDeviations::test_location_analysis_when_perfectly_uniform_then_green_status
[gw7] [ 93%] PASSED backend/tests/integration/test_filter_intelligence_workflow.py::TestSessionFilterPersistence::test_apply_filter_then_clear_when_queried_again_then_full_dataset_returned
backend/tests/unit/api/test_request_validation.py::TestEmptyBody::test_move_when_empty_json_object_then_returns_422
[gw5] [ 94%] PASSED backend/tests/performance/test_service_performance.py::TestExcelParserPerformance::test_parse_when_large_file_then_completes_within_limit
[gw1] [ 94%] PASSED backend/tests/unit/services/test_session_manager_events.py::TestMoveEmployeeDonutWithEvents::test_move_employee_donut_when_return_to_5_then_removes_event
backend/tests/performance/test_concurrent_performance.py::TestMemoryUsage::test_memory_usage_when_large_dataset_loaded_then_within_limit
backend/tests/performance/test_api_performance.py::TestIntelligencePerformance::test_intelligence_analysis_when_run_then_completes_within_limit
backend/tests/unit/api/test_request_validation.py::TestNullValues::test_move_when_performance_is_null_then_returns_422
[gw8] [ 94%] PASSED backend/tests/integration/test_cross_module_integration.py::TestMovementStatisticsIntegration::test_statistics_when_employee_moved_then_updates_distribution
backend/tests/integration/test_upload_parse_export_workflow.py::TestParserServiceIntegration::test_upload_when_rich_dataset_then_all_fields_parsed
backend/tests/integration/test_intelligence_integration.py::TestIntelligenceLargeDeviations::test_tenure_analysis_when_large_deviation_then_flagged_status
[gw4] [ 94%] PASSED backend/tests/performance/test_api_performance.py::TestUploadPerformance::test_upload_when_large_file_then_completes_within_limit
[gw8] [ 94%] PASSED backend/tests/integration/test_intelligence_integration.py::TestIntelligenceLargeDeviations::test_tenure_analysis_when_large_deviation_then_flagged_status
backend/tests/integration/test_intelligence_integration.py::TestIntelligenceMediumDeviations::test_location_analysis_when_medium_deviation_and_medium_effect_then_flagged
[gw10] [ 94%] PASSED backend/tests/unit/core/test_main.py::test_is_port_in_use_when_socket_cleanup_then_does_not_leak_sockets
backend/tests/unit/api/test_employees_events.py::TestMoveEmployeeEvents::test_move_employee_when_called_then_returns_grid_move_event
[gw1] [ 94%] PASSED backend/tests/integration/test_intelligence_integration.py::TestIntelligenceMediumDeviations::test_location_analysis_when_medium_deviation_and_medium_effect_then_flagged
backend/tests/performance/test_concurrent_performance.py::TestConcurrentReadWrite::test_concurrent_reads_with_writes_when_run_then_maintains_consistency
[gw2] [ 95%] PASSED backend/tests/unit/api/test_request_validation.py::TestEmptyBody::test_move_when_empty_json_object_then_returns_422
backend/tests/unit/models/test_events.py::TestFlagAddEvent::test_is_net_zero_when_flag_was_in_original
backend/tests/unit/api/test_request_validation.py::TestConcurrentRequests::test_move_employee_when_concurrent_moves_then_both_succeed
[gw5] [ 95%] PASSED backend/tests/unit/api/test_request_validation.py::TestNullValues::test_move_when_performance_is_null_then_returns_422
[gw10] [ 95%] PASSED backend/tests/unit/models/test_events.py::TestFlagAddEvent::test_is_net_zero_when_flag_was_in_original
[gw0] [ 95%] PASSED backend/tests/unit/services/test_excel_parser_edge_cases.py::TestLargeFiles::test_parse_when_large_file_then_maintains_data_quality
backend/tests/unit/api/test_request_validation.py::TestMissingRequiredFields::test_move_when_performance_missing_then_returns_422
[gw7] [ 95%] PASSED backend/tests/performance/test_api_performance.py::TestIntelligencePerformance::test_intelligence_analysis_when_run_then_completes_within_limit
[gw4] [ 95%] PASSED backend/tests/unit/api/test_employees_events.py::TestMoveEmployeeEvents::test_move_employee_when_called_then_returns_grid_move_event
backend/tests/unit/api/test_request_validation.py::TestNullValues::test_move_when_potential_is_null_then_returns_422
backend/tests/unit/models/test_events.py::TestFlagAddEvent::test_is_net_zero_when_flag_was_not_in_original
backend/tests/unit/services/test_excel_parser_edge_cases.py::TestLongStrings::test_parse_when_long_name_then_preserves_full_value
backend/tests/performance/test_service_performance.py::TestIntelligenceServicePerformance::test_calculate_overall_intelligence_when_called_then_completes_within_limit
[gw10] [ 95%] PASSED backend/tests/unit/models/test_events.py::TestFlagAddEvent::test_is_net_zero_when_flag_was_not_in_original
backend/tests/unit/api/test_employees_events.py::TestMoveEmployeeEvents::test_move_employee_when_back_to_original_then_no_event
[gw2] [ 96%] PASSED backend/tests/unit/api/test_request_validation.py::TestMissingRequiredFields::test_move_when_performance_missing_then_returns_422
[gw0] [ 96%] PASSED backend/tests/unit/services/test_excel_parser_edge_cases.py::TestLongStrings::test_parse_when_long_name_then_preserves_full_value
[gw7] [ 96%] PASSED backend/tests/performance/test_service_performance.py::TestIntelligenceServicePerformance::test_calculate_overall_intelligence_when_called_then_completes_within_limit
[gw5] [ 96%] PASSED backend/tests/unit/api/test_request_validation.py::TestNullValues::test_move_when_potential_is_null_then_returns_422
backend/tests/unit/models/test_events.py::TestFlagAddEvent::test_is_net_zero_when_original_has_no_flags
backend/tests/unit/services/test_excel_parser_edge_cases.py::TestLongStrings::test_parse_when_long_notes_then_preserves_full_value
backend/tests/unit/services/test_excel_parser_edge_cases.py::TestExtraColumns::test_parse_when_extra_columns_then_ignores_gracefully
[gw9] [ 96%] PASSED backend/tests/integration/test_upload_parse_export_workflow.py::TestParserServiceIntegration::test_upload_when_rich_dataset_then_all_fields_parsed
[gw1] [ 96%] PASSED backend/tests/unit/api/test_request_validation.py::TestConcurrentRequests::test_move_employee_when_concurrent_moves_then_both_succeed
backend/tests/unit/services/test_session_manager_error_paths.py::TestEdgeCaseErrorCombinations::test_session_operations_after_deletion_then_raise_no_session_error
[gw10] [ 96%] PASSED backend/tests/unit/models/test_events.py::TestFlagAddEvent::test_is_net_zero_when_original_has_no_flags
[gw2] [ 96%] PASSED backend/tests/unit/services/test_excel_parser_edge_cases.py::TestExtraColumns::test_parse_when_extra_columns_then_ignores_gracefully
[gw0] [ 97%] PASSED backend/tests/unit/services/test_excel_parser_edge_cases.py::TestLongStrings::test_parse_when_long_notes_then_preserves_full_value
[gw8] [ 97%] PASSED backend/tests/performance/test_concurrent_performance.py::TestConcurrentReadWrite::test_concurrent_reads_with_writes_when_run_then_maintains_consistency
[gw7] [ 97%] PASSED backend/tests/unit/services/test_session_manager_error_paths.py::TestEdgeCaseErrorCombinations::test_session_operations_after_deletion_then_raise_no_session_error
[gw6] [ 97%] PASSED backend/tests/e2e/test_frozen.py::test_frozen_employee_statistics
backend/tests/unit/models/test_events.py::TestFlagAddEvent::test_event_type_is_flag_add
[gw10] [ 97%] PASSED backend/tests/unit/models/test_events.py::TestFlagAddEvent::test_event_type_is_flag_add
backend/tests/e2e/test_frozen.py::test_frozen_excel_export
backend/tests/unit/services/test_excel_parser_edge_cases.py::TestMergedCells::test_parse_when_merged_cells_then_handles_gracefully
[gw4] [ 97%] PASSED backend/tests/unit/api/test_employees_events.py::TestMoveEmployeeEvents::test_move_employee_when_back_to_original_then_no_event
[gw9] [ 97%] PASSED backend/tests/unit/services/test_excel_parser_edge_cases.py::TestMergedCells::test_parse_when_merged_cells_then_handles_gracefully
[gw11] [ 98%] PASSED backend/tests/performance/test_api_performance.py::TestExportPerformance::test_export_when_large_dataset_then_completes_within_limit
backend/tests/unit/api/test_request_validation.py::TestExtraFields::test_move_when_extra_fields_then_ignores_successfully
[gw11] [ 98%] PASSED backend/tests/unit/api/test_request_validation.py::TestExtraFields::test_move_when_extra_fields_then_ignores_successfully
backend/tests/unit/api/test_request_validation.py::TestExtraFields::test_update_when_nested_extra_fields_then_handles_correctly
[gw11] [ 98%] PASSED backend/tests/unit/api/test_request_validation.py::TestExtraFields::test_update_when_nested_extra_fields_then_handles_correctly
[gw6] [ 98%] PASSED backend/tests/e2e/test_frozen.py::test_frozen_excel_export
backend/tests/e2e/test_frozen.py::test_frozen_excel_export_contains_changes
[gw3] [ 98%] PASSED backend/tests/performance/test_concurrent_performance.py::TestMemoryUsage::test_memory_usage_when_large_dataset_loaded_then_within_limit
backend/tests/unit/services/test_excel_parser_edge_cases.py::TestFormulas::test_parse_when_formulas_in_cells_then_uses_calculated_values
[gw3] [ 98%] PASSED backend/tests/unit/services/test_excel_parser_edge_cases.py::TestFormulas::test_parse_when_formulas_in_cells_then_uses_calculated_values
backend/tests/unit/services/test_excel_parser_error_paths.py::TestNoValidEmployees::test_parse_when_all_rows_fail_then_raises_value_error
[gw3] [ 98%] PASSED backend/tests/unit/services/test_excel_parser_error_paths.py::TestNoValidEmployees::test_parse_when_all_rows_fail_then_raises_value_error
[gw6] [ 99%] PASSED backend/tests/e2e/test_frozen.py::test_frozen_excel_export_contains_changes
backend/tests/e2e/test_frozen.py::test_frozen_performance_startup_time
[gw6] [ 99%] FAILED backend/tests/e2e/test_frozen.py::test_frozen_performance_startup_time
backend/tests/e2e/test_frozen.py::test_frozen_performance_response_time
[gw6] [ 99%] PASSED backend/tests/e2e/test_frozen.py::test_frozen_performance_response_time
backend/tests/e2e/test_frozen.py::test_frozen_performance_memory_usage
[gw6] [ 99%] PASSED backend/tests/e2e/test_frozen.py::test_frozen_performance_memory_usage
backend/tests/e2e/test_frozen.py::test_frozen_error_handling_invalid_excel
[gw6] [ 99%] PASSED backend/tests/e2e/test_frozen.py::test_frozen_error_handling_invalid_excel
backend/tests/e2e/test_frozen.py::test_frozen_error_handling_session_not_active
[gw6] [ 99%] PASSED backend/tests/e2e/test_frozen.py::test_frozen_error_handling_session_not_active
backend/tests/e2e/test_frozen.py::test_frozen_error_handling_invalid_employee_id
[gw6] [ 99%] PASSED backend/tests/e2e/test_frozen.py::test_frozen_error_handling_invalid_employee_id
backend/tests/e2e/test_frozen.py::test_frozen_complete_workflow
[gw6] [100%] PASSED backend/tests/e2e/test_frozen.py::test_frozen_complete_workflow

================================== FAILURES ===================================
____________________ test_frozen_performance_startup_time _____________________
[gw6] win32 -- Python 3.13.1 C:\Git_Repos\9boxer\.venv\Scripts\python.exe
backend\tests\e2e\test_frozen.py:683: in test_frozen_performance_startup_time
    assert startup_time < 5.0, f"Startup time {startup_time:.2f}s exceeds 5 second target"
E   AssertionError: Startup time 6.60s exceeds 5 second target
E   assert 6.604588985443115 < 5.0
============================== warnings summary ===============================
backend/tests/unit/api/test_request_validation.py::TestMalformedJSON::test_move_when_invalid_json_syntax_then_returns_422
backend/tests/unit/api/test_request_validation.py::TestMalformedJSON::test_move_when_missing_closing_brace_then_returns_422
backend/tests/unit/api/test_request_validation.py::TestMalformedJSON::test_move_when_extra_comma_then_returns_422
backend/tests/unit/api/test_request_validation.py::TestContentType::test_move_when_missing_content_type_then_accepts_or_rejects
backend/tests/unit/api/test_request_validation.py::TestArrayVsObject::test_move_when_string_instead_of_object_then_returns_422
backend/tests/unit/api/test_request_validation.py::TestContentType::test_move_when_wrong_content_type_then_handles
backend/tests/unit/api/test_request_validation.py::TestEmptyBody::test_move_when_empty_body_then_returns_422
  C:\Git_Repos\9boxer\.venv\Lib\site-packages\httpx\_models.py:408: DeprecationWarning: Use 'content=<...>' to upload raw bytes/text content.
    headers, stream = encode_request(

-- Docs: https://docs.pytest.org/en/stable/how-to/capture-warnings.html
=============================== tests coverage ================================
_______________ coverage: platform win32, python 3.13.1-final-0 _______________

Name                                                    Stmts   Miss  Cover   Missing
-------------------------------------------------------------------------------------
backend\src\ninebox\__init__.py                             1      0   100%
backend\src\ninebox\api\__init__.py                         0      0   100%
backend\src\ninebox\api\employees.py                      192     32    83%   60, 124-126, 165, 182, 207, 227, 235, 237, 245-246, 255-256, 269-270, 281, 297, 300, 337, 398, 406-416, 526, 532-538
backend\src\ninebox\api\intelligence.py                    51     13    75%   72-76, 90-96, 104-110
backend\src\ninebox\api\preferences.py                     29      8    72%   69-71, 102-103, 135-137
backend\src\ninebox\api\session.py                        204     27    87%   67, 119-120, 140, 143, 183-185, 250-255, 296-298, 379-380, 425-427, 499-509, 536-537
backend\src\ninebox\api\statistics.py                      17      1    94%   37
backend\src\ninebox\core\__init__.py                        0      0   100%
backend\src\ninebox\core\config.py                          9      0   100%
backend\src\ninebox\core\database.py                        5      0   100%
backend\src\ninebox\core\dependencies.py                   21      0   100%
backend\src\ninebox\main.py                                43      7    84%   54, 64, 70-82
backend\src\ninebox\models\__init__.py                      0      0   100%
backend\src\ninebox\models\constants.py                     1      0   100%
backend\src\ninebox\models\employee.py                     64      1    98%   114
backend\src\ninebox\models\events.py                       47      0   100%
backend\src\ninebox\models\filters.py                      20      0   100%
backend\src\ninebox\models\grid_positions.py               11      0   100%
backend\src\ninebox\models\preferences.py                   6      0   100%
backend\src\ninebox\models\session.py                      20      0   100%
backend\src\ninebox\services\__init__.py                    0      0   100%
backend\src\ninebox\services\database.py                   85     27    68%   104, 109, 122-124, 141-146, 150-155, 159-160, 167-171, 175-179
backend\src\ninebox\services\employee_service.py           37      1    97%   78
backend\src\ninebox\services\event_manager.py              32      0   100%
backend\src\ninebox\services\excel_exporter.py            169      8    95%   93-97, 101-105, 147, 172
backend\src\ninebox\services\excel_parser.py              291     32    89%   105, 236, 352-354, 367-368, 385, 456, 537, 546, 551-554, 558-561, 587, 596, 644-646, 736-744
backend\src\ninebox\services\intelligence_service.py      356     50    86%   137, 191-193, 199-202, 334, 339-341, 368-376, 458-460, 552-554, 691, 702-711, 760-769, 780, 818-827, 899, 926, 937, 948, 959
backend\src\ninebox\services\preferences_manager.py        83     14    83%   50, 194-196, 211-214, 264-271
backend\src\ninebox\services\sample_data_generator.py     264     11    96%   150, 279, 613, 645, 686, 847, 876, 966, 997, 1028, 1063
backend\src\ninebox\services\session_manager.py           238     17    93%   302-316, 627-628, 692-693, 695-696, 709-711, 736-737
backend\src\ninebox\services\session_serializer.py         91      7    92%   182, 192, 195, 258, 261-265
backend\src\ninebox\services\statistics_service.py         28      0   100%
backend\src\ninebox\utils\__init__.py                       2      0   100%
backend\src\ninebox\utils\paths.py                         13      0   100%
backend\src\ninebox\utils\query_parsing.py                  8      0   100%
-------------------------------------------------------------------------------------
TOTAL                                                    2438    256    89%
Coverage HTML written to dir htmlcov
Coverage XML written to file coverage.xml
=========================== short test summary info ===========================
FAILED backend/tests/e2e/test_frozen.py::test_frozen_performance_startup_time
============ 1 failed, 725 passed, 7 warnings in 247.34s (0:04:07) ============
